[0m2021-06-20 14:35:19 V/Net 1713753845: Channel closed.[0m
[0m2021-06-20 14:35:19 V/Net 1713753845: Loading BdhSession from cache file[0m
[91m2021-06-20 14:35:19 W/Net 1713753845: No route to host (Mostly due to no Internet connection). Retrying in 3s...[0m
[91m2021-06-20 14:35:22 W/Net 1713753845: No route to host (Mostly due to no Internet connection). Retrying in 3s...[0m
[91m2021-06-20 14:35:25 W/Net 1713753845: No route to host (Mostly due to no Internet connection). Retrying in 3s...[0m
[91m2021-06-20 14:35:28 W/Net 1713753845: No route to host (Mostly due to no Internet connection). Retrying in 3s...[0m
[91m2021-06-20 14:35:31 W/Net 1713753845: No route to host (Mostly due to no Internet connection). Retrying in 3s...[0m
[92m2021-06-20 14:35:39 I/Net 1713753845: Connected to server 120.232.18.27:443[0m
[0m2021-06-20 14:35:39 V/Net 1713753845: Send: wtlogin.exchange_emp[0m
[0m2021-06-20 14:35:39 V/Net 1713753845: Recv: LoginPacketResponse.Success[0m
[0m2021-06-20 14:35:39 V/Net 1713753845: Send: StatSvc.register[0m
[92m2021-06-20 14:35:39 I/Net 1713753845: Saved account secrets to local cache for fast login.[0m
[0m2021-06-20 14:35:39 V/Net 1713753845: Recv: Response(StatSvc.register)[0m
[92m2021-06-20 14:35:39 I/Net 1713753845: Scheduled key refresh in 23h 55min 0.0s.[0m
[92m2021-06-20 14:35:39 I/Net 1713753845: Scheduled refresh login session in 19d 23h 55min 0.0s.[0m
[92m2021-06-20 14:35:39 I/Net 1713753845: Syncing friend message history...[0m
[0m2021-06-20 14:35:39 V/Net 1713753845: Send: MessageSvc.PbGetMsg[0m
[0m2021-06-20 14:35:39 V/Net 1713753845: Send: MessageSvc.PbDeleteMsg[0m
[92m2021-06-20 14:35:40 I/Net 1713753845: Syncing friend message history: Success.[0m
[0m2021-06-20 14:35:42 V/Net 1713753845: Recv: ConfigPushSvc.PushReq.PushReqResponse.ServerListPush[0m
[92m2021-06-20 14:35:42 I/Net 1713753845: Server list updated.[0m
[92m2021-06-20 14:35:42 I/Net 1713753845: Server list: 169.47.230.125:10001, 170.106.84.10:10001, 203.205.255.224:8080, 14.22.5.202:80, 61.181.203.29:14000, 36.155.240.38:443, msfwifi.3g.qq.com:8080.[0m
[0m2021-06-20 14:35:42 V/Net 1713753845: Saving bdh session to cache[0m
[0m2021-06-20 14:35:42 V/Net 1713753845: Saving server list to cache[0m
[0m2021-06-20 14:35:42 V/Net 1713753845: Send: ConfigPushSvc.PushResp[0m
[96m2021-06-20 14:35:42 D/Net 1713753845: Received unknown commandName: ConfigPushSvc.PushDomain[0m
[0m2021-06-20 14:35:42 V/Net 1713753845: Recv: ConfigPushSvc.PushReq.PushReqResponse.ConfigPush[0m
[0m2021-06-20 14:35:42 V/Net 1713753845: Saving bdh session to cache[0m
[0m2021-06-20 14:35:42 V/Net 1713753845: Send: ConfigPushSvc.PushResp[0m
[0m2021-06-20 14:36:18 V/Net 1713753845: Send: StatSvc.GetDevLoginInfo[0m
[0m2021-06-20 14:36:18 V/Net 1713753845: Recv: StatSvc.GetDevLoginInfo.Response(deviceList.size=2)[0m
[0m2021-06-20 14:36:39 V/Net 1713753845: Send: Heartbeat.Alive[0m
[0m2021-06-20 14:36:39 V/Net 1713753845: Recv: Heartbeat.Alive.Response[0m
[0m2021-06-20 14:36:46 V/Net 1713753845: Recv: RequestPushNotify(uin=1713753845, ctype=1, strService=MessageSvc, strCmd=PushNotify, usMsgType=166, stMsgInfo=net.mamoe.mirai.internal.network.protocol.data.jce.MsgInfo@55af3b9d)[0m
[0m2021-06-20 14:36:46 V/Net 1713753845: Send: MessageSvc.PbGetMsg[0m
[0m2021-06-20 14:36:47 V/Net 1713753845: Send: MessageSvc.PbDeleteMsg[0m
[0m2021-06-20 14:37:39 V/Net 1713753845: Send: Heartbeat.Alive[0m
[0m2021-06-20 14:37:40 V/Net 1713753845: Send: OnlinePush.RespPush[0m
[0m2021-06-20 14:37:40 V/Net 1713753845: Recv: Heartbeat.Alive.Response[0m
[96m2021-06-20 14:37:40 D/Net 1713753845: unknown sh type 736[0m
[96m2021-06-20 14:37:40 D/Net 1713753845: unknown sh type 736[0m
[96m2021-06-20 14:37:40 D/Net 1713753845: data=0C 19 00 02 0A 01 69 E7 0B 0A 02 00 00 9E 6C 0B[0m
[96m2021-06-20 14:37:40 D/Net 1713753845: data=0C 19 00 01 0A 01 27 19 0B[0m
[0m2021-06-20 14:37:40 V/Net 1713753845: Send: OnlinePush.RespPush[0m
[0m2021-06-20 14:37:40 V/Net 1713753845: Send: OnlinePush.RespPush[0m
[96m2021-06-20 14:37:41 D/Net 1713753845: unknown sh type 736[0m
[96m2021-06-20 14:37:41 D/Net 1713753845: data=0C 19 00 01 0A 01 27 19 0B[0m
[0m2021-06-20 14:37:41 V/Net 1713753845: Send: OnlinePush.RespPush[0m
[0m2021-06-20 14:37:42 V/Net 1713753845: Send: OnlinePush.RespPush[0m
[0m2021-06-20 14:37:48 V/Net 1713753845: Send: OnlinePush.RespPush[0m
[0m2021-06-20 14:37:48 V/Net 1713753845: Send: OnlinePush.RespPush[0m
[0m2021-06-20 14:37:48 V/Net 1713753845: Send: OnlinePush.RespPush[0m
[0m2021-06-20 14:37:50 V/Net 1713753845: Send: OnlinePush.RespPush[0m
[0m2021-06-20 14:37:50 V/Net 1713753845: Send: OnlinePush.RespPush[0m
[0m2021-06-20 14:38:40 V/Net 1713753845: Send: Heartbeat.Alive[0m
[0m2021-06-20 14:38:40 V/Net 1713753845: Recv: Heartbeat.Alive.Response[0m
[0m2021-06-20 14:39:40 V/Net 1713753845: Send: Heartbeat.Alive[0m
[0m2021-06-20 14:39:40 V/Net 1713753845: Recv: Heartbeat.Alive.Response[0m
[0m2021-06-20 14:40:09 V/Net 1713753845: Send: StatSvc.SimpleGet[0m
[0m2021-06-20 14:40:09 V/Net 1713753845: Recv: Response(SimpleGet.Response)[0m
[0m2021-06-20 14:40:40 V/Net 1713753845: Send: Heartbeat.Alive[0m
[0m2021-06-20 14:40:41 V/Net 1713753845: Recv: Heartbeat.Alive.Response[0m
[0m2021-06-20 14:41:41 V/Net 1713753845: Send: Heartbeat.Alive[0m
[0m2021-06-20 14:41:41 V/Net 1713753845: Recv: Heartbeat.Alive.Response[0m
[0m2021-06-20 14:42:41 V/Net 1713753845: Send: Heartbeat.Alive[0m
[0m2021-06-20 14:42:41 V/Net 1713753845: Recv: Heartbeat.Alive.Response[0m
[0m2021-06-20 14:43:41 V/Net 1713753845: Send: Heartbeat.Alive[0m
[0m2021-06-20 14:43:41 V/Net 1713753845: Recv: Heartbeat.Alive.Response[0m
[0m2021-06-20 14:44:39 V/Net 1713753845: Send: StatSvc.SimpleGet[0m
[0m2021-06-20 14:44:40 V/Net 1713753845: Recv: Response(SimpleGet.Response)[0m
[0m2021-06-20 14:44:41 V/Net 1713753845: Send: Heartbeat.Alive[0m
[0m2021-06-20 14:44:42 V/Net 1713753845: Recv: Heartbeat.Alive.Response[0m
[0m2021-06-20 14:45:42 V/Net 1713753845: Send: Heartbeat.Alive[0m
[0m2021-06-20 14:45:42 V/Net 1713753845: Recv: Heartbeat.Alive.Response[0m
[0m2021-06-20 14:46:44 V/Net 1713753845: Send: Heartbeat.Alive[0m
[0m2021-06-20 14:46:44 V/Net 1713753845: Recv: Heartbeat.Alive.Response[0m
[0m2021-06-20 14:47:44 V/Net 1713753845: Send: Heartbeat.Alive[0m
[0m2021-06-20 14:47:44 V/Net 1713753845: Recv: Heartbeat.Alive.Response[0m
[0m2021-06-20 14:48:44 V/Net 1713753845: Send: Heartbeat.Alive[0m
[0m2021-06-20 14:48:45 V/Net 1713753845: Recv: Heartbeat.Alive.Response[0m
[0m2021-06-20 14:49:12 V/Net 1713753845: Send: StatSvc.SimpleGet[0m
[0m2021-06-20 14:49:12 V/Net 1713753845: Recv: Response(SimpleGet.Response)[0m
[0m2021-06-20 14:49:45 V/Net 1713753845: Send: Heartbeat.Alive[0m
[0m2021-06-20 14:49:45 V/Net 1713753845: Recv: Heartbeat.Alive.Response[0m
[0m2021-06-20 14:50:45 V/Net 1713753845: Send: Heartbeat.Alive[0m
[0m2021-06-20 14:50:45 V/Net 1713753845: Recv: Heartbeat.Alive.Response[0m
[0m2021-06-20 14:51:45 V/Net 1713753845: Send: Heartbeat.Alive[0m
[0m2021-06-20 14:51:45 V/Net 1713753845: Recv: Heartbeat.Alive.Response[0m
[0m2021-06-20 14:52:45 V/Net 1713753845: Send: Heartbeat.Alive[0m
[0m2021-06-20 14:52:46 V/Net 1713753845: Recv: Heartbeat.Alive.Response[0m
[0m2021-06-20 14:53:42 V/Net 1713753845: Send: StatSvc.SimpleGet[0m
[0m2021-06-20 14:53:42 V/Net 1713753845: Recv: Response(SimpleGet.Response)[0m
[0m2021-06-20 14:53:46 V/Net 1713753845: Send: Heartbeat.Alive[0m
[0m2021-06-20 14:53:46 V/Net 1713753845: Recv: Heartbeat.Alive.Response[0m
[0m2021-06-20 14:54:35 V/Net 1713753845: Send: MessageSvc.PbSendMsg[0m
[0m2021-06-20 14:54:35 V/Net 1713753845: Recv: MessageSvcPbSendMsg.Response.SUCCESS[0m
[0m2021-06-20 14:54:35 V/Net 1713753845: Recv: RequestPushNotify(uin=1713753845, ctype=1, strService=MessageSvc, strCmd=PushNotify, usMsgType=166, stMsgInfo=net.mamoe.mirai.internal.network.protocol.data.jce.MsgInfo@1c0f768e)[0m
[0m2021-06-20 14:54:35 V/Net 1713753845: Send: MessageSvc.PbGetMsg[0m
[0m2021-06-20 14:54:35 V/Net 1713753845: Send: MessageSvc.PbDeleteMsg[0m
[0m2021-06-20 14:54:36 V/Net 1713753845: Send: MessageSvc.PbSendMsg[0m
[0m2021-06-20 14:54:36 V/Net 1713753845: Recv: RequestPushNotify(uin=1713753845, ctype=1, strService=MessageSvc, strCmd=PushNotify, usMsgType=166, stMsgInfo=net.mamoe.mirai.internal.network.protocol.data.jce.MsgInfo@1c5a54fa)[0m
[0m2021-06-20 14:54:36 V/Net 1713753845: Send: MessageSvc.PbGetMsg[0m
[0m2021-06-20 14:54:36 V/Net 1713753845: Recv: MessageSvcPbSendMsg.Response.SUCCESS[0m
[0m2021-06-20 14:54:37 V/Net 1713753845: Send: MessageSvc.PbDeleteMsg[0m
[0m2021-06-20 14:54:46 V/Net 1713753845: Send: Heartbeat.Alive[0m
[0m2021-06-20 14:54:46 V/Net 1713753845: Recv: Heartbeat.Alive.Response[0m
[0m2021-06-20 14:55:46 V/Net 1713753845: Send: Heartbeat.Alive[0m
[0m2021-06-20 14:55:46 V/Net 1713753845: Recv: Heartbeat.Alive.Response[0m
[0m2021-06-20 14:56:46 V/Net 1713753845: Send: Heartbeat.Alive[0m
[0m2021-06-20 14:56:46 V/Net 1713753845: Recv: Heartbeat.Alive.Response[0m
[0m2021-06-20 14:57:46 V/Net 1713753845: Send: Heartbeat.Alive[0m
[0m2021-06-20 14:57:47 V/Net 1713753845: Recv: Heartbeat.Alive.Response[0m
[0m2021-06-20 14:58:12 V/Net 1713753845: Send: StatSvc.SimpleGet[0m
[0m2021-06-20 14:58:12 V/Net 1713753845: Recv: Response(SimpleGet.Response)[0m
[0m2021-06-20 14:58:47 V/Net 1713753845: Send: Heartbeat.Alive[0m
[0m2021-06-20 14:58:47 V/Net 1713753845: Recv: Heartbeat.Alive.Response[0m
[0m2021-06-20 14:59:39 V/Net 1713753845: Send: MessageSvc.PbSendMsg[0m
[0m2021-06-20 14:59:39 V/Net 1713753845: Recv: RequestPushNotify(uin=1713753845, ctype=1, strService=MessageSvc, strCmd=PushNotify, usMsgType=166, stMsgInfo=net.mamoe.mirai.internal.network.protocol.data.jce.MsgInfo@6fe0cba8)[0m
[0m2021-06-20 14:59:39 V/Net 1713753845: Send: MessageSvc.PbGetMsg[0m
[0m2021-06-20 14:59:40 V/Net 1713753845: Recv: MessageSvcPbSendMsg.Response.SUCCESS[0m
[0m2021-06-20 14:59:40 V/Net 1713753845: Send: MessageSvc.PbDeleteMsg[0m
[0m2021-06-20 14:59:47 V/Net 1713753845: Send: Heartbeat.Alive[0m
[0m2021-06-20 14:59:47 V/Net 1713753845: Recv: Heartbeat.Alive.Response[0m
[0m2021-06-20 15:00:47 V/Net 1713753845: Send: Heartbeat.Alive[0m
[0m2021-06-20 15:00:47 V/Net 1713753845: Recv: Heartbeat.Alive.Response[0m
[0m2021-06-20 15:01:47 V/Net 1713753845: Send: Heartbeat.Alive[0m
[0m2021-06-20 15:01:48 V/Net 1713753845: Recv: Heartbeat.Alive.Response[0m
[0m2021-06-20 15:02:42 V/Net 1713753845: Send: StatSvc.SimpleGet[0m
[0m2021-06-20 15:02:43 V/Net 1713753845: Recv: Response(SimpleGet.Response)[0m
[0m2021-06-20 15:02:48 V/Net 1713753845: Send: Heartbeat.Alive[0m
[0m2021-06-20 15:02:48 V/Net 1713753845: Recv: Heartbeat.Alive.Response[0m
[0m2021-06-20 15:03:48 V/Net 1713753845: Send: Heartbeat.Alive[0m
[0m2021-06-20 15:03:48 V/Net 1713753845: Recv: Heartbeat.Alive.Response[0m
[0m2021-06-20 15:04:48 V/Net 1713753845: Send: Heartbeat.Alive[0m
[0m2021-06-20 15:04:48 V/Net 1713753845: Recv: Heartbeat.Alive.Response[0m
[0m2021-06-20 15:05:49 V/Net 1713753845: Send: Heartbeat.Alive[0m
[0m2021-06-20 15:05:49 V/Net 1713753845: Recv: Heartbeat.Alive.Response[0m
[0m2021-06-20 15:06:49 V/Net 1713753845: Send: Heartbeat.Alive[0m
[0m2021-06-20 15:06:49 V/Net 1713753845: Recv: Heartbeat.Alive.Response[0m
[0m2021-06-20 15:07:13 V/Net 1713753845: Send: StatSvc.SimpleGet[0m
[0m2021-06-20 15:07:13 V/Net 1713753845: Recv: Response(SimpleGet.Response)[0m
[0m2021-06-20 15:07:49 V/Net 1713753845: Send: Heartbeat.Alive[0m
[0m2021-06-20 15:07:49 V/Net 1713753845: Recv: Heartbeat.Alive.Response[0m
[0m2021-06-20 15:08:49 V/Net 1713753845: Send: Heartbeat.Alive[0m
[0m2021-06-20 15:08:49 V/Net 1713753845: Recv: Heartbeat.Alive.Response[0m
[0m2021-06-20 15:09:49 V/Net 1713753845: Send: Heartbeat.Alive[0m
[0m2021-06-20 15:09:50 V/Net 1713753845: Recv: Heartbeat.Alive.Response[0m
[0m2021-06-20 15:10:50 V/Net 1713753845: Send: Heartbeat.Alive[0m
[0m2021-06-20 15:10:50 V/Net 1713753845: Recv: Heartbeat.Alive.Response[0m
[0m2021-06-20 15:11:43 V/Net 1713753845: Send: StatSvc.SimpleGet[0m
[0m2021-06-20 15:11:43 V/Net 1713753845: Recv: Response(SimpleGet.Response)[0m
[0m2021-06-20 15:11:50 V/Net 1713753845: Send: Heartbeat.Alive[0m
[0m2021-06-20 15:11:50 V/Net 1713753845: Recv: Heartbeat.Alive.Response[0m
[0m2021-06-20 15:12:50 V/Net 1713753845: Send: Heartbeat.Alive[0m
[0m2021-06-20 15:12:50 V/Net 1713753845: Recv: Heartbeat.Alive.Response[0m
[0m2021-06-20 15:13:50 V/Net 1713753845: Send: Heartbeat.Alive[0m
[0m2021-06-20 15:13:51 V/Net 1713753845: Recv: Heartbeat.Alive.Response[0m
[0m2021-06-20 15:14:51 V/Net 1713753845: Send: Heartbeat.Alive[0m
[0m2021-06-20 15:14:51 V/Net 1713753845: Recv: Heartbeat.Alive.Response[0m
[0m2021-06-20 15:15:51 V/Net 1713753845: Send: Heartbeat.Alive[0m
[0m2021-06-20 15:15:51 V/Net 1713753845: Recv: Heartbeat.Alive.Response[0m
[0m2021-06-20 15:16:13 V/Net 1713753845: Send: StatSvc.SimpleGet[0m
[0m2021-06-20 15:16:13 V/Net 1713753845: Recv: Response(SimpleGet.Response)[0m
[0m2021-06-20 15:16:51 V/Net 1713753845: Send: Heartbeat.Alive[0m
[0m2021-06-20 15:16:52 V/Net 1713753845: Recv: Heartbeat.Alive.Response[0m
[0m2021-06-20 15:17:52 V/Net 1713753845: Send: Heartbeat.Alive[0m
[0m2021-06-20 15:17:52 V/Net 1713753845: Recv: Heartbeat.Alive.Response[0m
[0m2021-06-20 15:18:52 V/Net 1713753845: Send: Heartbeat.Alive[0m
[0m2021-06-20 15:18:52 V/Net 1713753845: Recv: Heartbeat.Alive.Response[0m
[0m2021-06-20 15:19:52 V/Net 1713753845: Send: Heartbeat.Alive[0m
[0m2021-06-20 15:19:52 V/Net 1713753845: Recv: Heartbeat.Alive.Response[0m
[0m2021-06-20 15:20:43 V/Net 1713753845: Send: StatSvc.SimpleGet[0m
[0m2021-06-20 15:20:44 V/Net 1713753845: Recv: Response(SimpleGet.Response)[0m
[0m2021-06-20 15:20:52 V/Net 1713753845: Send: Heartbeat.Alive[0m
[0m2021-06-20 15:20:53 V/Net 1713753845: Recv: Heartbeat.Alive.Response[0m
[0m2021-06-20 15:21:53 V/Net 1713753845: Send: Heartbeat.Alive[0m
[0m2021-06-20 15:21:53 V/Net 1713753845: Recv: Heartbeat.Alive.Response[0m
[0m2021-06-20 15:22:53 V/Net 1713753845: Send: Heartbeat.Alive[0m
[0m2021-06-20 15:22:53 V/Net 1713753845: Recv: Heartbeat.Alive.Response[0m
[0m2021-06-20 15:23:53 V/Net 1713753845: Send: Heartbeat.Alive[0m
[0m2021-06-20 15:23:53 V/Net 1713753845: Recv: Heartbeat.Alive.Response[0m
[0m2021-06-20 15:24:53 V/Net 1713753845: Send: Heartbeat.Alive[0m
[0m2021-06-20 15:24:54 V/Net 1713753845: Recv: Heartbeat.Alive.Response[0m
[0m2021-06-20 15:25:14 V/Net 1713753845: Send: StatSvc.SimpleGet[0m
[0m2021-06-20 15:25:14 V/Net 1713753845: Recv: Response(SimpleGet.Response)[0m
[0m2021-06-20 15:25:54 V/Net 1713753845: Send: Heartbeat.Alive[0m
[0m2021-06-20 15:25:54 V/Net 1713753845: Recv: Heartbeat.Alive.Response[0m
[0m2021-06-20 15:26:54 V/Net 1713753845: Send: Heartbeat.Alive[0m
[0m2021-06-20 15:26:54 V/Net 1713753845: Recv: Heartbeat.Alive.Response[0m
[0m2021-06-20 15:27:54 V/Net 1713753845: Send: Heartbeat.Alive[0m
[0m2021-06-20 15:27:54 V/Net 1713753845: Recv: Heartbeat.Alive.Response[0m
[0m2021-06-20 15:28:54 V/Net 1713753845: Send: Heartbeat.Alive[0m
[0m2021-06-20 15:28:55 V/Net 1713753845: Recv: Heartbeat.Alive.Response[0m
[0m2021-06-20 15:29:44 V/Net 1713753845: Send: StatSvc.SimpleGet[0m
[0m2021-06-20 15:29:44 V/Net 1713753845: Recv: Response(SimpleGet.Response)[0m
[0m2021-06-20 15:29:55 V/Net 1713753845: Send: Heartbeat.Alive[0m
[0m2021-06-20 15:29:55 V/Net 1713753845: Recv: Heartbeat.Alive.Response[0m
[0m2021-06-20 15:30:55 V/Net 1713753845: Send: Heartbeat.Alive[0m
[0m2021-06-20 15:30:55 V/Net 1713753845: Recv: Heartbeat.Alive.Response[0m
[0m2021-06-20 15:31:55 V/Net 1713753845: Send: Heartbeat.Alive[0m
[0m2021-06-20 15:31:55 V/Net 1713753845: Recv: Heartbeat.Alive.Response[0m
[0m2021-06-20 15:32:55 V/Net 1713753845: Send: Heartbeat.Alive[0m
[0m2021-06-20 15:32:56 V/Net 1713753845: Recv: Heartbeat.Alive.Response[0m
[0m2021-06-20 15:33:56 V/Net 1713753845: Send: Heartbeat.Alive[0m
[0m2021-06-20 15:33:56 V/Net 1713753845: Recv: Heartbeat.Alive.Response[0m
[0m2021-06-20 15:34:14 V/Net 1713753845: Send: StatSvc.SimpleGet[0m
[0m2021-06-20 15:34:14 V/Net 1713753845: Recv: Response(SimpleGet.Response)[0m
[0m2021-06-20 15:34:56 V/Net 1713753845: Send: Heartbeat.Alive[0m
[0m2021-06-20 15:34:56 V/Net 1713753845: Recv: Heartbeat.Alive.Response[0m
[0m2021-06-20 15:35:56 V/Net 1713753845: Send: Heartbeat.Alive[0m
[0m2021-06-20 15:35:56 V/Net 1713753845: Recv: Heartbeat.Alive.Response[0m
[0m2021-06-20 15:36:56 V/Net 1713753845: Send: Heartbeat.Alive[0m
[0m2021-06-20 15:36:57 V/Net 1713753845: Recv: Heartbeat.Alive.Response[0m
[0m2021-06-20 15:37:57 V/Net 1713753845: Send: Heartbeat.Alive[0m
[0m2021-06-20 15:37:57 V/Net 1713753845: Recv: Heartbeat.Alive.Response[0m
[0m2021-06-20 15:38:44 V/Net 1713753845: Send: StatSvc.SimpleGet[0m
[0m2021-06-20 15:38:45 V/Net 1713753845: Recv: Response(SimpleGet.Response)[0m
[0m2021-06-20 15:38:57 V/Net 1713753845: Send: Heartbeat.Alive[0m
[0m2021-06-20 15:38:57 V/Net 1713753845: Recv: Heartbeat.Alive.Response[0m
[0m2021-06-20 15:39:57 V/Net 1713753845: Send: Heartbeat.Alive[0m
[0m2021-06-20 15:39:57 V/Net 1713753845: Recv: Heartbeat.Alive.Response[0m
[0m2021-06-20 15:40:57 V/Net 1713753845: Send: Heartbeat.Alive[0m
[0m2021-06-20 15:40:58 V/Net 1713753845: Recv: Heartbeat.Alive.Response[0m
[0m2021-06-20 15:41:58 V/Net 1713753845: Send: Heartbeat.Alive[0m
[0m2021-06-20 15:41:58 V/Net 1713753845: Recv: Heartbeat.Alive.Response[0m
[0m2021-06-20 15:42:58 V/Net 1713753845: Send: Heartbeat.Alive[0m
[0m2021-06-20 15:42:58 V/Net 1713753845: Recv: Heartbeat.Alive.Response[0m
[0m2021-06-20 15:43:15 V/Net 1713753845: Send: StatSvc.SimpleGet[0m
[0m2021-06-20 15:43:15 V/Net 1713753845: Recv: Response(SimpleGet.Response)[0m
[0m2021-06-20 15:43:58 V/Net 1713753845: Send: Heartbeat.Alive[0m
[0m2021-06-20 15:43:58 V/Net 1713753845: Recv: Heartbeat.Alive.Response[0m
[0m2021-06-20 15:44:58 V/Net 1713753845: Send: Heartbeat.Alive[0m
[0m2021-06-20 15:44:59 V/Net 1713753845: Recv: Heartbeat.Alive.Response[0m
[0m2021-06-20 15:45:59 V/Net 1713753845: Send: Heartbeat.Alive[0m
[0m2021-06-20 15:45:59 V/Net 1713753845: Recv: Heartbeat.Alive.Response[0m
[0m2021-06-20 15:46:59 V/Net 1713753845: Send: Heartbeat.Alive[0m
[0m2021-06-20 15:46:59 V/Net 1713753845: Recv: Heartbeat.Alive.Response[0m
[0m2021-06-20 15:47:45 V/Net 1713753845: Send: StatSvc.SimpleGet[0m
[0m2021-06-20 15:47:45 V/Net 1713753845: Recv: Response(SimpleGet.Response)[0m
[0m2021-06-20 15:47:59 V/Net 1713753845: Send: Heartbeat.Alive[0m
[0m2021-06-20 15:47:59 V/Net 1713753845: Recv: Heartbeat.Alive.Response[0m
[0m2021-06-20 15:48:59 V/Net 1713753845: Send: Heartbeat.Alive[0m
[0m2021-06-20 15:49:00 V/Net 1713753845: Recv: Heartbeat.Alive.Response[0m
[0m2021-06-20 15:50:00 V/Net 1713753845: Send: Heartbeat.Alive[0m
[0m2021-06-20 15:50:00 V/Net 1713753845: Recv: Heartbeat.Alive.Response[0m
[0m2021-06-20 15:51:00 V/Net 1713753845: Send: Heartbeat.Alive[0m
[0m2021-06-20 15:51:00 V/Net 1713753845: Recv: Heartbeat.Alive.Response[0m
[0m2021-06-20 15:52:00 V/Net 1713753845: Send: Heartbeat.Alive[0m
[0m2021-06-20 15:52:00 V/Net 1713753845: Recv: Heartbeat.Alive.Response[0m
[0m2021-06-20 15:52:15 V/Net 1713753845: Send: StatSvc.SimpleGet[0m
[0m2021-06-20 15:52:15 V/Net 1713753845: Recv: Response(SimpleGet.Response)[0m
[0m2021-06-20 15:53:00 V/Net 1713753845: Send: Heartbeat.Alive[0m
[0m2021-06-20 15:53:01 V/Net 1713753845: Recv: Heartbeat.Alive.Response[0m
[0m2021-06-20 15:54:01 V/Net 1713753845: Send: Heartbeat.Alive[0m
[0m2021-06-20 15:54:01 V/Net 1713753845: Recv: Heartbeat.Alive.Response[0m
[0m2021-06-20 15:55:01 V/Net 1713753845: Send: Heartbeat.Alive[0m
[0m2021-06-20 15:55:01 V/Net 1713753845: Recv: Heartbeat.Alive.Response[0m
[0m2021-06-20 15:56:01 V/Net 1713753845: Send: Heartbeat.Alive[0m
[0m2021-06-20 15:56:01 V/Net 1713753845: Recv: Heartbeat.Alive.Response[0m
[0m2021-06-20 15:56:45 V/Net 1713753845: Send: StatSvc.SimpleGet[0m
[0m2021-06-20 15:56:46 V/Net 1713753845: Recv: Response(SimpleGet.Response)[0m
[0m2021-06-20 15:57:01 V/Net 1713753845: Send: Heartbeat.Alive[0m
[0m2021-06-20 15:57:02 V/Net 1713753845: Recv: Heartbeat.Alive.Response[0m
[0m2021-06-20 15:58:02 V/Net 1713753845: Send: Heartbeat.Alive[0m
[0m2021-06-20 15:58:02 V/Net 1713753845: Recv: Heartbeat.Alive.Response[0m
[0m2021-06-20 15:59:02 V/Net 1713753845: Send: Heartbeat.Alive[0m
[0m2021-06-20 15:59:02 V/Net 1713753845: Recv: Heartbeat.Alive.Response[0m
[0m2021-06-20 16:00:02 V/Net 1713753845: Send: Heartbeat.Alive[0m
[0m2021-06-20 16:00:02 V/Net 1713753845: Recv: Heartbeat.Alive.Response[0m
[0m2021-06-20 16:01:02 V/Net 1713753845: Send: Heartbeat.Alive[0m
[0m2021-06-20 16:01:03 V/Net 1713753845: Recv: Heartbeat.Alive.Response[0m
[0m2021-06-20 16:01:16 V/Net 1713753845: Send: StatSvc.SimpleGet[0m
[0m2021-06-20 16:01:16 V/Net 1713753845: Recv: Response(SimpleGet.Response)[0m
[0m2021-06-20 16:02:03 V/Net 1713753845: Send: Heartbeat.Alive[0m
[0m2021-06-20 16:02:03 V/Net 1713753845: Recv: Heartbeat.Alive.Response[0m
[0m2021-06-20 16:03:03 V/Net 1713753845: Send: Heartbeat.Alive[0m
[0m2021-06-20 16:03:03 V/Net 1713753845: Recv: Heartbeat.Alive.Response[0m
[0m2021-06-20 16:04:03 V/Net 1713753845: Send: Heartbeat.Alive[0m
[0m2021-06-20 16:04:03 V/Net 1713753845: Recv: Heartbeat.Alive.Response[0m
[0m2021-06-20 16:05:03 V/Net 1713753845: Send: Heartbeat.Alive[0m
[0m2021-06-20 16:05:04 V/Net 1713753845: Recv: Heartbeat.Alive.Response[0m
[0m2021-06-20 16:05:46 V/Net 1713753845: Send: StatSvc.SimpleGet[0m
[0m2021-06-20 16:05:46 V/Net 1713753845: Recv: Response(SimpleGet.Response)[0m
[0m2021-06-20 16:06:04 V/Net 1713753845: Send: Heartbeat.Alive[0m
[0m2021-06-20 16:06:04 V/Net 1713753845: Recv: Heartbeat.Alive.Response[0m
[0m2021-06-20 16:07:04 V/Net 1713753845: Send: Heartbeat.Alive[0m
[0m2021-06-20 16:07:04 V/Net 1713753845: Recv: Heartbeat.Alive.Response[0m
[0m2021-06-20 16:08:04 V/Net 1713753845: Send: Heartbeat.Alive[0m
[0m2021-06-20 16:08:04 V/Net 1713753845: Recv: Heartbeat.Alive.Response[0m
[0m2021-06-20 16:09:04 V/Net 1713753845: Send: Heartbeat.Alive[0m
[0m2021-06-20 16:09:05 V/Net 1713753845: Recv: Heartbeat.Alive.Response[0m
[0m2021-06-20 16:10:05 V/Net 1713753845: Send: Heartbeat.Alive[0m
[0m2021-06-20 16:10:05 V/Net 1713753845: Recv: Heartbeat.Alive.Response[0m
[0m2021-06-20 16:10:16 V/Net 1713753845: Send: StatSvc.SimpleGet[0m
[0m2021-06-20 16:10:16 V/Net 1713753845: Recv: Response(SimpleGet.Response)[0m
[0m2021-06-20 16:11:05 V/Net 1713753845: Send: Heartbeat.Alive[0m
[0m2021-06-20 16:11:05 V/Net 1713753845: Recv: Heartbeat.Alive.Response[0m
[0m2021-06-20 16:12:05 V/Net 1713753845: Send: Heartbeat.Alive[0m
[0m2021-06-20 16:12:05 V/Net 1713753845: Recv: Heartbeat.Alive.Response[0m
[0m2021-06-20 16:13:05 V/Net 1713753845: Send: Heartbeat.Alive[0m
[0m2021-06-20 16:13:06 V/Net 1713753845: Recv: Heartbeat.Alive.Response[0m
[0m2021-06-20 16:14:06 V/Net 1713753845: Send: Heartbeat.Alive[0m
[0m2021-06-20 16:14:06 V/Net 1713753845: Recv: Heartbeat.Alive.Response[0m
[0m2021-06-20 16:14:46 V/Net 1713753845: Send: StatSvc.SimpleGet[0m
[0m2021-06-20 16:14:47 V/Net 1713753845: Recv: Response(SimpleGet.Response)[0m
[0m2021-06-20 17:14:20 V/Net 1713753845: Send: Heartbeat.Alive[0m
[0m2021-06-20 17:14:25 V/Net 1713753845: Send: StatSvc.SimpleGet[0m
[0m2021-06-20 17:14:30 V/Net 1713753845: Send: Heartbeat.Alive[0m
[0m2021-06-20 17:14:35 V/Net 1713753845: Send: StatSvc.SimpleGet[0m
[0m2021-06-20 17:14:41 V/Net 1713753845: Loading BdhSession from cache file[0m
[92m2021-06-20 17:14:41 I/Net 1713753845: Connected to server 170.106.84.10:10001[0m
[0m2021-06-20 17:14:41 V/Net 1713753845: Send: wtlogin.exchange_emp[0m
[0m2021-06-20 17:14:41 V/Net 1713753845: Recv: LoginPacketResponse.Success[0m
[92m2021-06-20 17:14:41 I/Net 1713753845: Saved account secrets to local cache for fast login.[0m
[0m2021-06-20 17:14:41 V/Net 1713753845: Send: StatSvc.register[0m
[0m2021-06-20 17:14:41 V/Net 1713753845: Recv: Response(StatSvc.register)[0m
[92m2021-06-20 17:14:41 I/Net 1713753845: Scheduled key refresh in 23h 55min 0.0s.[0m
[92m2021-06-20 17:14:41 I/Net 1713753845: Scheduled refresh login session in 19d 23h 55min 0.0s.[0m
[92m2021-06-20 17:14:41 I/Net 1713753845: Syncing friend message history...[0m
[0m2021-06-20 17:14:41 V/Net 1713753845: Send: MessageSvc.PbGetMsg[0m
[92m2021-06-20 17:14:42 I/Net 1713753845: Syncing friend message history: Success.[0m
[96m2021-06-20 17:14:44 D/Net 1713753845: Received unknown commandName: ConfigPushSvc.PushDomain[0m
[0m2021-06-20 17:14:44 V/Net 1713753845: Recv: ConfigPushSvc.PushReq.PushReqResponse.ConfigPush[0m
[0m2021-06-20 17:14:44 V/Net 1713753845: Saving bdh session to cache[0m
[0m2021-06-20 17:14:44 V/Net 1713753845: Send: ConfigPushSvc.PushResp[0m
[0m2021-06-20 17:15:41 V/Net 1713753845: Send: Heartbeat.Alive[0m
[0m2021-06-20 17:15:42 V/Net 1713753845: Recv: Heartbeat.Alive.Response[0m
[0m2021-06-20 17:16:42 V/Net 1713753845: Send: Heartbeat.Alive[0m
[0m2021-06-20 17:16:42 V/Net 1713753845: Recv: Heartbeat.Alive.Response[0m
[0m2021-06-20 17:17:42 V/Net 1713753845: Send: Heartbeat.Alive[0m
[0m2021-06-20 17:17:42 V/Net 1713753845: Recv: Heartbeat.Alive.Response[0m
[0m2021-06-20 17:18:42 V/Net 1713753845: Send: Heartbeat.Alive[0m
[0m2021-06-20 17:18:42 V/Net 1713753845: Recv: Heartbeat.Alive.Response[0m
[0m2021-06-20 17:19:11 V/Net 1713753845: Send: StatSvc.SimpleGet[0m
[0m2021-06-20 17:19:12 V/Net 1713753845: Recv: Response(SimpleGet.Response)[0m
[0m2021-06-20 17:19:42 V/Net 1713753845: Send: Heartbeat.Alive[0m
[0m2021-06-20 17:19:43 V/Net 1713753845: Recv: Heartbeat.Alive.Response[0m
[0m2021-06-20 17:20:43 V/Net 1713753845: Send: Heartbeat.Alive[0m
[0m2021-06-20 17:20:43 V/Net 1713753845: Recv: Heartbeat.Alive.Response[0m
[0m2021-06-20 17:21:43 V/Net 1713753845: Send: Heartbeat.Alive[0m
[0m2021-06-20 17:21:43 V/Net 1713753845: Recv: Heartbeat.Alive.Response[0m
[0m2021-06-20 17:22:43 V/Net 1713753845: Send: Heartbeat.Alive[0m
[0m2021-06-20 17:22:43 V/Net 1713753845: Recv: Heartbeat.Alive.Response[0m
[0m2021-06-20 17:23:42 V/Net 1713753845: Send: StatSvc.SimpleGet[0m
[0m2021-06-20 17:23:42 V/Net 1713753845: Recv: Response(SimpleGet.Response)[0m
[0m2021-06-20 17:23:43 V/Net 1713753845: Send: Heartbeat.Alive[0m
[0m2021-06-20 17:23:44 V/Net 1713753845: Recv: Heartbeat.Alive.Response[0m
[0m2021-06-20 18:19:16 V/Net 1713753845: Send: Heartbeat.Alive[0m
[0m2021-06-20 18:19:16 V/Net 1713753845: Channel closed.[0m
[0m2021-06-20 18:19:16 V/Net 1713753845: Loading BdhSession from cache file[0m
[92m2021-06-20 18:19:16 I/Net 1713753845: Connected to server 169.47.230.125:10001[0m
[0m2021-06-20 18:19:16 V/Net 1713753845: Send: wtlogin.exchange_emp[0m
[0m2021-06-20 18:19:17 V/Net 1713753845: Recv: LoginPacketResponse.Success[0m
[92m2021-06-20 18:19:17 I/Net 1713753845: Saved account secrets to local cache for fast login.[0m
[0m2021-06-20 18:19:17 V/Net 1713753845: Send: StatSvc.register[0m
[0m2021-06-20 18:19:17 V/Net 1713753845: Recv: Response(StatSvc.register)[0m
[92m2021-06-20 18:19:17 I/Net 1713753845: Scheduled key refresh in 23h 55min 0.0s.[0m
[92m2021-06-20 18:19:17 I/Net 1713753845: Scheduled refresh login session in 19d 23h 55min 0.0s.[0m
[92m2021-06-20 18:19:17 I/Net 1713753845: Syncing friend message history...[0m
[0m2021-06-20 18:19:17 V/Net 1713753845: Send: MessageSvc.PbGetMsg[0m
[92m2021-06-20 18:19:17 I/Net 1713753845: Syncing friend message history: Success.[0m
[0m2021-06-20 18:19:20 V/Net 1713753845: Recv: ConfigPushSvc.PushReq.PushReqResponse.ServerListPush[0m
[92m2021-06-20 18:19:20 I/Net 1713753845: Server list updated.[0m
[92m2021-06-20 18:19:20 I/Net 1713753845: Server list: 169.47.230.125:10001, 170.106.84.10:10001, 203.205.255.221:8080, 125.94.60.166:80, 60.28.172.117:14000, 36.155.229.191:443, msfwifi.3g.qq.com:8080.[0m
[0m2021-06-20 18:19:20 V/Net 1713753845: Saving bdh session to cache[0m
[0m2021-06-20 18:19:20 V/Net 1713753845: Saving server list to cache[0m
[0m2021-06-20 18:19:20 V/Net 1713753845: Send: ConfigPushSvc.PushResp[0m
[96m2021-06-20 18:19:20 D/Net 1713753845: Received unknown commandName: ConfigPushSvc.PushDomain[0m
[0m2021-06-20 18:19:20 V/Net 1713753845: Recv: ConfigPushSvc.PushReq.PushReqResponse.ConfigPush[0m
[0m2021-06-20 18:19:20 V/Net 1713753845: Saving bdh session to cache[0m
[0m2021-06-20 18:19:20 V/Net 1713753845: Send: ConfigPushSvc.PushResp[0m
[0m2021-06-20 18:19:30 V/Net 1713753845: Send: StatSvc.GetDevLoginInfo[0m
[0m2021-06-20 18:19:30 V/Net 1713753845: Recv: StatSvc.GetDevLoginInfo.Response(deviceList.size=2)[0m
[0m2021-06-20 18:20:17 V/Net 1713753845: Send: Heartbeat.Alive[0m
[0m2021-06-20 18:20:17 V/Net 1713753845: Recv: Heartbeat.Alive.Response[0m
[0m2021-06-20 18:21:17 V/Net 1713753845: Send: Heartbeat.Alive[0m
[0m2021-06-20 18:21:17 V/Net 1713753845: Recv: Heartbeat.Alive.Response[0m
[0m2021-06-20 18:22:18 V/Net 1713753845: Send: Heartbeat.Alive[0m
[0m2021-06-20 18:22:18 V/Net 1713753845: Recv: Heartbeat.Alive.Response[0m
[0m2021-06-20 18:23:18 V/Net 1713753845: Send: Heartbeat.Alive[0m
[0m2021-06-20 18:23:18 V/Net 1713753845: Recv: Heartbeat.Alive.Response[0m
[0m2021-06-20 18:23:47 V/Net 1713753845: Send: StatSvc.SimpleGet[0m
[0m2021-06-20 18:23:47 V/Net 1713753845: Recv: Response(SimpleGet.Response)[0m
[0m2021-06-20 18:24:18 V/Net 1713753845: Send: Heartbeat.Alive[0m
[0m2021-06-20 18:24:18 V/Net 1713753845: Recv: Heartbeat.Alive.Response[0m
[0m2021-06-20 18:24:52 V/Net 1713753845: Recv: RequestPushNotify(uin=1713753845, ctype=1, strService=MessageSvc, strCmd=PushNotify, usMsgType=166, stMsgInfo=net.mamoe.mirai.internal.network.protocol.data.jce.MsgInfo@5e3e5293)[0m
[0m2021-06-20 18:24:52 V/Net 1713753845: Send: MessageSvc.PbGetMsg[0m
[0m2021-06-20 18:24:52 V/Net 1713753845: Send: MessageSvc.PbDeleteMsg[0m
[0m2021-06-20 18:24:52 V/Net 1713753845: Send: SummaryCard.ReqSummaryCard[0m
[0m2021-06-20 18:24:53 V/Net 1713753845: Recv: UserProfile(nickname=L_, email=, age=120, qLevel=60, sex=MALE, sign=)[0m
[0m2021-06-20 18:24:53 V/Net 1713753845: Send: MessageSvc.PbSendMsg[0m
[0m2021-06-20 18:24:53 V/Net 1713753845: Recv: MessageSvcPbSendMsg.Response.SUCCESS[0m
[96m2021-06-20 18:24:54 D/Net 1713753845: Transformers528 0x27L: new data: ForwardBody#1363470390 {
            msgModFriendRings=ModSnsGeneralInfo#1845873063 {
                    msgSnsGeneralInfos=[SnsUpateBuffer#57429732 {
                            code=0x0000000000000000(0)
                            msgSnsUpdateItem=[SnsUpdateItem#297294361 {
                                    updateSnsType=0x00003507(13575)
                                    value=00 00 00 00 00 00 00 00 00 00 00 00 00 00 00 00 00 00 00 00 00 00 00 00 00 00 00 00 00 00 01 00 02 49 6F
                            }]
                            uin=0x000000009078DD95(2423840149)
                            uint32Idlist=[]
                    }]
            }
            opType=0x00000007(7)
    }[0m
[0m2021-06-20 18:24:54 V/Net 1713753845: Send: OnlinePush.RespPush[0m
[96m2021-06-20 18:24:56 D/Net 1713753845: unknown group 528 type 0x00000000000000C7, data: 0A 82 01 08 00 10 A0 1F 82 FA 01 79 08 92 4E 10 F5 9D 97 B1 06 18 95 BB E3 83 09 20 F8 55 2A 15 08 04 12 04 10 01 60 00 1A 0B 66 72 69 65 6E 64 5F 74 72 65 65 32 49 08 04 12 38 08 B6 80 BF 86 06 10 01 20 02 30 AC B5 9B DC A2 2F 58 00 60 00 C2 3E 20 36 62 34 62 36 35 37 65 34 32 65 31 34 61 62 37 39 30 62 33 33 38 38 30 62 64 37 63 33 32 32 30 1A 0B 66 72 69 65 6E 64 5F 74 72 65 65 A0 06 81 92 02[0m
[0m2021-06-20 18:24:56 V/Net 1713753845: Send: OnlinePush.RespPush[0m
[0m2021-06-20 18:25:03 V/Net 1713753845: Send: OnlinePush.RespPush[0m
[0m2021-06-20 18:25:04 V/Net 1713753845: Send: OnlinePush.RespPush[0m
[0m2021-06-20 18:25:18 V/Net 1713753845: Send: Heartbeat.Alive[0m
[0m2021-06-20 18:25:19 V/Net 1713753845: Recv: Heartbeat.Alive.Response[0m
[0m2021-06-20 18:26:19 V/Net 1713753845: Send: Heartbeat.Alive[0m
[0m2021-06-20 18:26:19 V/Net 1713753845: Recv: Heartbeat.Alive.Response[0m
[0m2021-06-20 18:27:19 V/Net 1713753845: Send: Heartbeat.Alive[0m
[0m2021-06-20 18:27:19 V/Net 1713753845: Recv: Heartbeat.Alive.Response[0m
[0m2021-06-20 18:28:17 V/Net 1713753845: Send: StatSvc.SimpleGet[0m
[0m2021-06-20 18:28:18 V/Net 1713753845: Recv: Response(SimpleGet.Response)[0m
[0m2021-06-20 18:28:19 V/Net 1713753845: Send: Heartbeat.Alive[0m
[0m2021-06-20 18:28:19 V/Net 1713753845: Recv: Heartbeat.Alive.Response[0m
[0m2021-06-20 18:29:19 V/Net 1713753845: Send: Heartbeat.Alive[0m
[0m2021-06-20 18:29:20 V/Net 1713753845: Recv: Heartbeat.Alive.Response[0m
[0m2021-06-20 18:30:20 V/Net 1713753845: Send: Heartbeat.Alive[0m
[0m2021-06-20 18:30:20 V/Net 1713753845: Recv: Heartbeat.Alive.Response[0m
[0m2021-06-20 18:31:20 V/Net 1713753845: Send: Heartbeat.Alive[0m
[0m2021-06-20 18:31:20 V/Net 1713753845: Recv: Heartbeat.Alive.Response[0m
[0m2021-06-20 18:32:20 V/Net 1713753845: Send: Heartbeat.Alive[0m
[0m2021-06-20 18:32:20 V/Net 1713753845: Recv: Heartbeat.Alive.Response[0m
[0m2021-06-20 18:32:48 V/Net 1713753845: Send: StatSvc.SimpleGet[0m
[0m2021-06-20 18:32:48 V/Net 1713753845: Recv: Response(SimpleGet.Response)[0m
[0m2021-06-20 18:33:04 V/Net 1713753845: Recv: RequestPushNotify(uin=1713753845, ctype=1, strService=MessageSvc, strCmd=PushNotify, usMsgType=166, stMsgInfo=net.mamoe.mirai.internal.network.protocol.data.jce.MsgInfo@72ff0292)[0m
[0m2021-06-20 18:33:04 V/Net 1713753845: Send: MessageSvc.PbGetMsg[0m
[0m2021-06-20 18:33:04 V/Net 1713753845: Send: MessageSvc.PbDeleteMsg[0m
[96m2021-06-20 18:33:05 D/Net 1713753845: unknown PbGetMsg type 528, data=08 C7 01 12 85 01 0A 82 01 08 00 10 A0 1F 82 FA 01 79 08 92 4E 10 F5 9D 97 B1 06 18 95 BB E3 83 09 20 F8 55 2A 15 08 04 12 04 10 01 60 00 1A 0B 66 72 69 65 6E 64 5F 74 72 65 65 32 49 08 04 12 38 08 B6 80 BF 86 06 10 01 20 02 30 AC B5 9B DC A2 2F 58 00 60 00 C2 3E 20 36 62 34 62 36 35 37 65 34 32 65 31 34 61 62 37 39 30 62 33 33 38 38 30 62 64 37 63 33 32 32 30 1A 0B 66 72 69 65 6E 64 5F 74 72 65 65 A0 06 81 92 02[0m
[0m2021-06-20 18:33:05 V/Net 1713753845: Send: MessageSvc.PbSendMsg[0m
[0m2021-06-20 18:33:06 V/Net 1713753845: Recv: MessageSvcPbSendMsg.Response.SUCCESS[0m
[0m2021-06-20 18:33:20 V/Net 1713753845: Send: Heartbeat.Alive[0m
[0m2021-06-20 18:33:21 V/Net 1713753845: Recv: Heartbeat.Alive.Response[0m
[0m2021-06-20 18:34:21 V/Net 1713753845: Send: Heartbeat.Alive[0m
[0m2021-06-20 18:34:21 V/Net 1713753845: Recv: Heartbeat.Alive.Response[0m
[0m2021-06-20 18:35:21 V/Net 1713753845: Send: Heartbeat.Alive[0m
[0m2021-06-20 18:35:21 V/Net 1713753845: Recv: Heartbeat.Alive.Response[0m
[0m2021-06-20 18:36:21 V/Net 1713753845: Send: Heartbeat.Alive[0m
[0m2021-06-20 18:36:21 V/Net 1713753845: Recv: Heartbeat.Alive.Response[0m
[0m2021-06-20 18:37:18 V/Net 1713753845: Send: StatSvc.SimpleGet[0m
[0m2021-06-20 18:37:18 V/Net 1713753845: Recv: Response(SimpleGet.Response)[0m
[0m2021-06-20 18:37:21 V/Net 1713753845: Send: Heartbeat.Alive[0m
[0m2021-06-20 18:37:22 V/Net 1713753845: Recv: Heartbeat.Alive.Response[0m
[0m2021-06-20 18:38:22 V/Net 1713753845: Send: Heartbeat.Alive[0m
[0m2021-06-20 18:38:22 V/Net 1713753845: Recv: Heartbeat.Alive.Response[0m
[0m2021-06-20 18:39:22 V/Net 1713753845: Send: Heartbeat.Alive[0m
[0m2021-06-20 18:39:22 V/Net 1713753845: Recv: Heartbeat.Alive.Response[0m
[0m2021-06-20 18:40:22 V/Net 1713753845: Send: Heartbeat.Alive[0m
[0m2021-06-20 18:40:22 V/Net 1713753845: Recv: Heartbeat.Alive.Response[0m
[0m2021-06-20 18:41:22 V/Net 1713753845: Send: Heartbeat.Alive[0m
[0m2021-06-20 18:41:23 V/Net 1713753845: Recv: Heartbeat.Alive.Response[0m
[0m2021-06-20 18:41:48 V/Net 1713753845: Send: StatSvc.SimpleGet[0m
[0m2021-06-20 18:41:48 V/Net 1713753845: Recv: Response(SimpleGet.Response)[0m
[0m2021-06-20 18:42:23 V/Net 1713753845: Send: Heartbeat.Alive[0m
[0m2021-06-20 18:42:23 V/Net 1713753845: Recv: Heartbeat.Alive.Response[0m
[0m2021-06-20 18:43:23 V/Net 1713753845: Send: Heartbeat.Alive[0m
[0m2021-06-20 18:43:23 V/Net 1713753845: Recv: Heartbeat.Alive.Response[0m
[0m2021-06-20 18:44:23 V/Net 1713753845: Send: Heartbeat.Alive[0m
[0m2021-06-20 18:44:23 V/Net 1713753845: Recv: Heartbeat.Alive.Response[0m
[0m2021-06-20 18:45:23 V/Net 1713753845: Send: Heartbeat.Alive[0m
[0m2021-06-20 18:45:24 V/Net 1713753845: Recv: Heartbeat.Alive.Response[0m
[0m2021-06-20 18:46:18 V/Net 1713753845: Send: StatSvc.SimpleGet[0m
[0m2021-06-20 18:46:19 V/Net 1713753845: Recv: Response(SimpleGet.Response)[0m
[0m2021-06-20 18:46:24 V/Net 1713753845: Send: Heartbeat.Alive[0m
[0m2021-06-20 18:46:24 V/Net 1713753845: Recv: Heartbeat.Alive.Response[0m
[0m2021-06-20 18:47:24 V/Net 1713753845: Send: Heartbeat.Alive[0m
[0m2021-06-20 18:47:24 V/Net 1713753845: Recv: Heartbeat.Alive.Response[0m
[0m2021-06-20 18:48:24 V/Net 1713753845: Send: Heartbeat.Alive[0m
[0m2021-06-20 18:48:24 V/Net 1713753845: Recv: Heartbeat.Alive.Response[0m
[0m2021-06-20 18:49:25 V/Net 1713753845: Send: Heartbeat.Alive[0m
[0m2021-06-20 18:49:25 V/Net 1713753845: Recv: Heartbeat.Alive.Response[0m
[0m2021-06-20 18:50:25 V/Net 1713753845: Send: Heartbeat.Alive[0m
[0m2021-06-20 18:50:25 V/Net 1713753845: Recv: Heartbeat.Alive.Response[0m
[0m2021-06-20 18:50:49 V/Net 1713753845: Send: StatSvc.SimpleGet[0m
[0m2021-06-20 18:50:49 V/Net 1713753845: Recv: Response(SimpleGet.Response)[0m
[0m2021-06-20 18:51:25 V/Net 1713753845: Send: Heartbeat.Alive[0m
[0m2021-06-20 18:51:25 V/Net 1713753845: Recv: Heartbeat.Alive.Response[0m
[0m2021-06-20 18:52:25 V/Net 1713753845: Send: Heartbeat.Alive[0m
[0m2021-06-20 18:52:26 V/Net 1713753845: Recv: Heartbeat.Alive.Response[0m
[0m2021-06-20 18:53:26 V/Net 1713753845: Send: Heartbeat.Alive[0m
[0m2021-06-20 18:53:26 V/Net 1713753845: Recv: Heartbeat.Alive.Response[0m
[0m2021-06-20 18:54:26 V/Net 1713753845: Send: Heartbeat.Alive[0m
[0m2021-06-20 18:54:26 V/Net 1713753845: Recv: Heartbeat.Alive.Response[0m
[0m2021-06-20 18:55:19 V/Net 1713753845: Send: StatSvc.SimpleGet[0m
[0m2021-06-20 18:55:19 V/Net 1713753845: Recv: Response(SimpleGet.Response)[0m
[0m2021-06-20 18:55:26 V/Net 1713753845: Send: Heartbeat.Alive[0m
[0m2021-06-20 18:55:26 V/Net 1713753845: Recv: Heartbeat.Alive.Response[0m
[0m2021-06-20 18:56:26 V/Net 1713753845: Send: Heartbeat.Alive[0m
[0m2021-06-20 18:56:27 V/Net 1713753845: Recv: Heartbeat.Alive.Response[0m
[0m2021-06-20 18:57:27 V/Net 1713753845: Send: Heartbeat.Alive[0m
[0m2021-06-20 18:57:27 V/Net 1713753845: Recv: Heartbeat.Alive.Response[0m
[0m2021-06-20 19:24:21 V/Net 1713753845: Send: Heartbeat.Alive[0m
[0m2021-06-20 19:24:21 V/Net 1713753845: Channel closed.[0m
[0m2021-06-20 19:24:22 V/Net 1713753845: Loading BdhSession from cache file[0m
[92m2021-06-20 19:24:23 I/Net 1713753845: Connected to server 60.28.172.117:14000[0m
[0m2021-06-20 19:24:23 V/Net 1713753845: Send: wtlogin.exchange_emp[0m
[0m2021-06-20 19:24:23 V/Net 1713753845: Recv: LoginPacketResponse.Success[0m
[0m2021-06-20 19:24:23 V/Net 1713753845: Send: StatSvc.register[0m
[92m2021-06-20 19:24:23 I/Net 1713753845: Saved account secrets to local cache for fast login.[0m
[0m2021-06-20 19:24:23 V/Net 1713753845: Recv: Response(StatSvc.register)[0m
[92m2021-06-20 19:24:23 I/Net 1713753845: Scheduled key refresh in 23h 55min 0.0s.[0m
[92m2021-06-20 19:24:23 I/Net 1713753845: Scheduled refresh login session in 19d 23h 55min 0.0s.[0m
[92m2021-06-20 19:24:23 I/Net 1713753845: Syncing friend message history...[0m
[0m2021-06-20 19:24:23 V/Net 1713753845: Send: MessageSvc.PbGetMsg[0m
[92m2021-06-20 19:24:24 I/Net 1713753845: Syncing friend message history: Success.[0m
[0m2021-06-20 19:24:26 V/Net 1713753845: Recv: ConfigPushSvc.PushReq.PushReqResponse.ServerListPush[0m
[92m2021-06-20 19:24:26 I/Net 1713753845: Server list updated.[0m
[92m2021-06-20 19:24:26 I/Net 1713753845: Server list: 169.47.230.125:10001, 49.51.39.163:10001, 203.205.255.224:8080, 183.36.108.142:80, 60.28.172.102:14000, 36.155.229.204:443, msfwifi.3g.qq.com:8080.[0m
[0m2021-06-20 19:24:26 V/Net 1713753845: Saving bdh session to cache[0m
[0m2021-06-20 19:24:26 V/Net 1713753845: Saving server list to cache[0m
[0m2021-06-20 19:24:26 V/Net 1713753845: Send: ConfigPushSvc.PushResp[0m
[96m2021-06-20 19:24:26 D/Net 1713753845: Received unknown commandName: ConfigPushSvc.PushDomain[0m
[0m2021-06-20 19:24:26 V/Net 1713753845: Recv: ConfigPushSvc.PushReq.PushReqResponse.ConfigPush[0m
[0m2021-06-20 19:24:26 V/Net 1713753845: Saving bdh session to cache[0m
[0m2021-06-20 19:24:26 V/Net 1713753845: Send: ConfigPushSvc.PushResp[0m
[0m2021-06-20 19:24:27 V/Net 1713753845: Send: MessageSvc.PbSendMsg[0m
[0m2021-06-20 19:24:27 V/Net 1713753845: Recv: RequestPushNotify(uin=1713753845, ctype=1, strService=MessageSvc, strCmd=PushNotify, usMsgType=166, stMsgInfo=net.mamoe.mirai.internal.network.protocol.data.jce.MsgInfo@5e20bc83)[0m
[0m2021-06-20 19:24:27 V/Net 1713753845: Send: MessageSvc.PbGetMsg[0m
[0m2021-06-20 19:24:27 V/Net 1713753845: Recv: MessageSvcPbSendMsg.Response.SUCCESS[0m
[0m2021-06-20 19:24:27 V/Net 1713753845: Send: StatSvc.GetDevLoginInfo[0m
[0m2021-06-20 19:24:28 V/Net 1713753845: Send: MessageSvc.PbDeleteMsg[0m
[0m2021-06-20 19:24:28 V/Net 1713753845: Recv: StatSvc.GetDevLoginInfo.Response(deviceList.size=2)[0m
[0m2021-06-20 19:25:23 V/Net 1713753845: Send: Heartbeat.Alive[0m
[0m2021-06-20 19:25:23 V/Net 1713753845: Recv: Heartbeat.Alive.Response[0m
[0m2021-06-20 19:26:23 V/Net 1713753845: Send: Heartbeat.Alive[0m
[0m2021-06-20 19:26:24 V/Net 1713753845: Recv: Heartbeat.Alive.Response[0m
[0m2021-06-20 19:27:24 V/Net 1713753845: Send: Heartbeat.Alive[0m
[0m2021-06-20 19:27:24 V/Net 1713753845: Recv: Heartbeat.Alive.Response[0m
[0m2021-06-20 19:28:24 V/Net 1713753845: Send: Heartbeat.Alive[0m
[0m2021-06-20 19:28:24 V/Net 1713753845: Recv: Heartbeat.Alive.Response[0m
[0m2021-06-20 19:28:53 V/Net 1713753845: Send: StatSvc.SimpleGet[0m
[0m2021-06-20 19:28:53 V/Net 1713753845: Recv: Response(SimpleGet.Response)[0m
[0m2021-06-20 19:29:24 V/Net 1713753845: Send: Heartbeat.Alive[0m
[0m2021-06-20 19:29:24 V/Net 1713753845: Recv: Heartbeat.Alive.Response[0m
[0m2021-06-20 19:29:32 V/Net 1713753845: Send: MessageSvc.PbSendMsg[0m
[0m2021-06-20 19:29:32 V/Net 1713753845: Recv: RequestPushNotify(uin=1713753845, ctype=1, strService=MessageSvc, strCmd=PushNotify, usMsgType=166, stMsgInfo=net.mamoe.mirai.internal.network.protocol.data.jce.MsgInfo@296cc9ed)[0m
[0m2021-06-20 19:29:32 V/Net 1713753845: Send: MessageSvc.PbGetMsg[0m
[0m2021-06-20 19:29:32 V/Net 1713753845: Recv: MessageSvcPbSendMsg.Response.SUCCESS[0m
[0m2021-06-20 19:29:33 V/Net 1713753845: Send: MessageSvc.PbDeleteMsg[0m
[0m2021-06-20 19:30:24 V/Net 1713753845: Send: Heartbeat.Alive[0m
[0m2021-06-20 19:30:25 V/Net 1713753845: Recv: Heartbeat.Alive.Response[0m
[0m2021-06-20 19:31:25 V/Net 1713753845: Send: Heartbeat.Alive[0m
[0m2021-06-20 19:31:25 V/Net 1713753845: Recv: Heartbeat.Alive.Response[0m
[0m2021-06-20 19:32:25 V/Net 1713753845: Send: Heartbeat.Alive[0m
[0m2021-06-20 19:32:25 V/Net 1713753845: Recv: Heartbeat.Alive.Response[0m
[0m2021-06-20 19:33:23 V/Net 1713753845: Send: StatSvc.SimpleGet[0m
[0m2021-06-20 19:33:24 V/Net 1713753845: Recv: Response(SimpleGet.Response)[0m
[0m2021-06-20 19:33:25 V/Net 1713753845: Send: Heartbeat.Alive[0m
[0m2021-06-20 19:33:25 V/Net 1713753845: Recv: Heartbeat.Alive.Response[0m
[0m2021-06-20 19:34:25 V/Net 1713753845: Send: Heartbeat.Alive[0m
[0m2021-06-20 19:34:26 V/Net 1713753845: Recv: Heartbeat.Alive.Response[0m
[0m2021-06-20 19:35:26 V/Net 1713753845: Send: Heartbeat.Alive[0m
[0m2021-06-20 19:35:26 V/Net 1713753845: Recv: Heartbeat.Alive.Response[0m
[0m2021-06-20 19:39:47 V/Net 1713753845: Send: Heartbeat.Alive[0m
[0m2021-06-20 19:39:47 V/Net 1713753845: Recv: Heartbeat.Alive.Response[0m
[0m2021-06-20 19:39:47 V/Net 1713753845: Send: StatSvc.SimpleGet[0m
[0m2021-06-20 19:39:47 V/Net 1713753845: Recv: Response(SimpleGet.Response)[0m
[0m2021-06-20 19:40:47 V/Net 1713753845: Send: Heartbeat.Alive[0m
[0m2021-06-20 19:40:47 V/Net 1713753845: Recv: Heartbeat.Alive.Response[0m
[0m2021-06-20 19:41:47 V/Net 1713753845: Send: Heartbeat.Alive[0m
[0m2021-06-20 19:41:48 V/Net 1713753845: Recv: Heartbeat.Alive.Response[0m
[0m2021-06-20 19:42:48 V/Net 1713753845: Send: Heartbeat.Alive[0m
[0m2021-06-20 19:42:48 V/Net 1713753845: Recv: Heartbeat.Alive.Response[0m
[0m2021-06-20 19:43:48 V/Net 1713753845: Send: Heartbeat.Alive[0m
[0m2021-06-20 19:43:48 V/Net 1713753845: Recv: Heartbeat.Alive.Response[0m
[0m2021-06-20 19:44:17 V/Net 1713753845: Send: StatSvc.SimpleGet[0m
[0m2021-06-20 19:44:18 V/Net 1713753845: Recv: Response(SimpleGet.Response)[0m
[0m2021-06-20 19:44:48 V/Net 1713753845: Send: Heartbeat.Alive[0m
[0m2021-06-20 19:44:48 V/Net 1713753845: Recv: Heartbeat.Alive.Response[0m
[0m2021-06-20 19:45:48 V/Net 1713753845: Send: Heartbeat.Alive[0m
[0m2021-06-20 19:45:49 V/Net 1713753845: Recv: Heartbeat.Alive.Response[0m
[0m2021-06-20 19:46:49 V/Net 1713753845: Send: Heartbeat.Alive[0m
[0m2021-06-20 19:46:49 V/Net 1713753845: Recv: Heartbeat.Alive.Response[0m
[0m2021-06-20 19:47:49 V/Net 1713753845: Send: Heartbeat.Alive[0m
[0m2021-06-20 19:47:49 V/Net 1713753845: Recv: Heartbeat.Alive.Response[0m
[0m2021-06-20 19:48:48 V/Net 1713753845: Send: StatSvc.SimpleGet[0m
[0m2021-06-20 19:48:48 V/Net 1713753845: Recv: Response(SimpleGet.Response)[0m
[0m2021-06-20 19:48:49 V/Net 1713753845: Send: Heartbeat.Alive[0m
[0m2021-06-20 19:48:49 V/Net 1713753845: Recv: Heartbeat.Alive.Response[0m
[0m2021-06-20 19:49:49 V/Net 1713753845: Send: Heartbeat.Alive[0m
[0m2021-06-20 19:49:50 V/Net 1713753845: Recv: Heartbeat.Alive.Response[0m
[0m2021-06-20 19:50:50 V/Net 1713753845: Send: Heartbeat.Alive[0m
[0m2021-06-20 19:50:50 V/Net 1713753845: Recv: Heartbeat.Alive.Response[0m
[0m2021-06-20 19:51:50 V/Net 1713753845: Send: Heartbeat.Alive[0m
[0m2021-06-20 19:51:50 V/Net 1713753845: Recv: Heartbeat.Alive.Response[0m
[0m2021-06-20 19:52:50 V/Net 1713753845: Send: Heartbeat.Alive[0m
[0m2021-06-20 19:52:50 V/Net 1713753845: Recv: Heartbeat.Alive.Response[0m
[0m2021-06-20 19:53:18 V/Net 1713753845: Send: StatSvc.SimpleGet[0m
[0m2021-06-20 19:53:18 V/Net 1713753845: Recv: Response(SimpleGet.Response)[0m
[0m2021-06-20 19:53:50 V/Net 1713753845: Send: Heartbeat.Alive[0m
[0m2021-06-20 19:53:51 V/Net 1713753845: Recv: Heartbeat.Alive.Response[0m
[0m2021-06-20 19:54:51 V/Net 1713753845: Send: Heartbeat.Alive[0m
[0m2021-06-20 19:54:51 V/Net 1713753845: Recv: Heartbeat.Alive.Response[0m
[0m2021-06-20 19:55:51 V/Net 1713753845: Send: Heartbeat.Alive[0m
[0m2021-06-20 19:55:51 V/Net 1713753845: Recv: Heartbeat.Alive.Response[0m
[0m2021-06-20 19:56:51 V/Net 1713753845: Send: Heartbeat.Alive[0m
[0m2021-06-20 19:56:51 V/Net 1713753845: Recv: Heartbeat.Alive.Response[0m
[0m2021-06-20 19:57:48 V/Net 1713753845: Send: StatSvc.SimpleGet[0m
[0m2021-06-20 19:57:48 V/Net 1713753845: Recv: Response(SimpleGet.Response)[0m
[0m2021-06-20 19:57:51 V/Net 1713753845: Send: Heartbeat.Alive[0m
[0m2021-06-20 19:57:52 V/Net 1713753845: Recv: Heartbeat.Alive.Response[0m
[0m2021-06-20 19:58:52 V/Net 1713753845: Send: Heartbeat.Alive[0m
[0m2021-06-20 19:58:52 V/Net 1713753845: Recv: Heartbeat.Alive.Response[0m
[0m2021-06-20 19:59:35 V/Net 1713753845: Send: MessageSvc.PbSendMsg[0m
[0m2021-06-20 19:59:36 V/Net 1713753845: Recv: RequestPushNotify(uin=1713753845, ctype=1, strService=MessageSvc, strCmd=PushNotify, usMsgType=166, stMsgInfo=net.mamoe.mirai.internal.network.protocol.data.jce.MsgInfo@1aa0770c)[0m
[0m2021-06-20 19:59:36 V/Net 1713753845: Send: MessageSvc.PbGetMsg[0m
[0m2021-06-20 19:59:36 V/Net 1713753845: Recv: MessageSvcPbSendMsg.Response.SUCCESS[0m
[0m2021-06-20 19:59:36 V/Net 1713753845: Send: MessageSvc.PbDeleteMsg[0m
[0m2021-06-20 19:59:52 V/Net 1713753845: Send: Heartbeat.Alive[0m
[0m2021-06-20 19:59:52 V/Net 1713753845: Recv: Heartbeat.Alive.Response[0m
[0m2021-06-20 20:00:52 V/Net 1713753845: Send: Heartbeat.Alive[0m
[0m2021-06-20 20:00:52 V/Net 1713753845: Recv: Heartbeat.Alive.Response[0m
[0m2021-06-20 20:01:52 V/Net 1713753845: Send: Heartbeat.Alive[0m
[0m2021-06-20 20:01:53 V/Net 1713753845: Recv: Heartbeat.Alive.Response[0m
[0m2021-06-20 20:02:18 V/Net 1713753845: Send: StatSvc.SimpleGet[0m
[0m2021-06-20 20:02:19 V/Net 1713753845: Recv: Response(SimpleGet.Response)[0m
[0m2021-06-20 20:02:53 V/Net 1713753845: Send: Heartbeat.Alive[0m
[0m2021-06-20 20:02:53 V/Net 1713753845: Recv: Heartbeat.Alive.Response[0m
[0m2021-06-20 20:03:53 V/Net 1713753845: Send: Heartbeat.Alive[0m
[0m2021-06-20 20:03:53 V/Net 1713753845: Recv: Heartbeat.Alive.Response[0m
[0m2021-06-20 20:04:42 V/Net 1713753845: Send: MessageSvc.PbSendMsg[0m
[0m2021-06-20 20:04:42 V/Net 1713753845: Recv: RequestPushNotify(uin=1713753845, ctype=1, strService=MessageSvc, strCmd=PushNotify, usMsgType=166, stMsgInfo=net.mamoe.mirai.internal.network.protocol.data.jce.MsgInfo@526976cf)[0m
[0m2021-06-20 20:04:42 V/Net 1713753845: Send: MessageSvc.PbGetMsg[0m
[0m2021-06-20 20:04:43 V/Net 1713753845: Recv: MessageSvcPbSendMsg.Response.SUCCESS[0m
[0m2021-06-20 20:04:43 V/Net 1713753845: Send: MessageSvc.PbDeleteMsg[0m
[0m2021-06-20 20:04:53 V/Net 1713753845: Send: Heartbeat.Alive[0m
[0m2021-06-20 20:04:54 V/Net 1713753845: Recv: Heartbeat.Alive.Response[0m
[0m2021-06-20 20:05:54 V/Net 1713753845: Send: Heartbeat.Alive[0m
[0m2021-06-20 20:05:54 V/Net 1713753845: Recv: Heartbeat.Alive.Response[0m
[0m2021-06-20 20:06:49 V/Net 1713753845: Send: StatSvc.SimpleGet[0m
[0m2021-06-20 20:06:49 V/Net 1713753845: Recv: Response(SimpleGet.Response)[0m
[0m2021-06-20 20:06:54 V/Net 1713753845: Send: Heartbeat.Alive[0m
[0m2021-06-20 20:06:54 V/Net 1713753845: Recv: Heartbeat.Alive.Response[0m
[0m2021-06-20 20:07:54 V/Net 1713753845: Send: Heartbeat.Alive[0m
[0m2021-06-20 20:07:54 V/Net 1713753845: Recv: Heartbeat.Alive.Response[0m
[0m2021-06-20 20:08:54 V/Net 1713753845: Send: Heartbeat.Alive[0m
[0m2021-06-20 20:08:55 V/Net 1713753845: Recv: Heartbeat.Alive.Response[0m
[0m2021-06-20 20:09:55 V/Net 1713753845: Send: Heartbeat.Alive[0m
[0m2021-06-20 20:09:55 V/Net 1713753845: Recv: Heartbeat.Alive.Response[0m
[0m2021-06-20 20:10:55 V/Net 1713753845: Send: Heartbeat.Alive[0m
[0m2021-06-20 20:10:55 V/Net 1713753845: Recv: Heartbeat.Alive.Response[0m
[0m2021-06-20 20:11:19 V/Net 1713753845: Send: StatSvc.SimpleGet[0m
[0m2021-06-20 20:11:19 V/Net 1713753845: Recv: Response(SimpleGet.Response)[0m
[0m2021-06-20 20:11:55 V/Net 1713753845: Send: Heartbeat.Alive[0m
[0m2021-06-20 20:11:55 V/Net 1713753845: Recv: Heartbeat.Alive.Response[0m
[0m2021-06-20 20:12:55 V/Net 1713753845: Send: Heartbeat.Alive[0m
[0m2021-06-20 20:12:56 V/Net 1713753845: Recv: Heartbeat.Alive.Response[0m
[0m2021-06-20 20:13:56 V/Net 1713753845: Send: Heartbeat.Alive[0m
[0m2021-06-20 20:13:56 V/Net 1713753845: Recv: Heartbeat.Alive.Response[0m
[0m2021-06-20 20:14:56 V/Net 1713753845: Send: Heartbeat.Alive[0m
[0m2021-06-20 20:14:56 V/Net 1713753845: Recv: Heartbeat.Alive.Response[0m
[0m2021-06-20 20:15:49 V/Net 1713753845: Send: StatSvc.SimpleGet[0m
[0m2021-06-20 20:15:49 V/Net 1713753845: Recv: Response(SimpleGet.Response)[0m
[0m2021-06-20 20:15:56 V/Net 1713753845: Send: Heartbeat.Alive[0m
[0m2021-06-20 20:15:56 V/Net 1713753845: Recv: Heartbeat.Alive.Response[0m
[0m2021-06-20 20:16:56 V/Net 1713753845: Send: Heartbeat.Alive[0m
[0m2021-06-20 20:16:57 V/Net 1713753845: Recv: Heartbeat.Alive.Response[0m
[0m2021-06-20 20:17:57 V/Net 1713753845: Send: Heartbeat.Alive[0m
[0m2021-06-20 20:17:57 V/Net 1713753845: Recv: Heartbeat.Alive.Response[0m
[0m2021-06-20 20:18:57 V/Net 1713753845: Send: Heartbeat.Alive[0m
[0m2021-06-20 20:18:57 V/Net 1713753845: Recv: Heartbeat.Alive.Response[0m
[0m2021-06-20 20:19:57 V/Net 1713753845: Send: Heartbeat.Alive[0m
[0m2021-06-20 20:19:57 V/Net 1713753845: Recv: Heartbeat.Alive.Response[0m
[0m2021-06-20 20:20:19 V/Net 1713753845: Send: StatSvc.SimpleGet[0m
[0m2021-06-20 20:20:20 V/Net 1713753845: Recv: Response(SimpleGet.Response)[0m
[0m2021-06-20 20:20:57 V/Net 1713753845: Send: Heartbeat.Alive[0m
[0m2021-06-20 20:20:58 V/Net 1713753845: Recv: Heartbeat.Alive.Response[0m
[0m2021-06-20 20:21:58 V/Net 1713753845: Send: Heartbeat.Alive[0m
[0m2021-06-20 20:21:58 V/Net 1713753845: Recv: Heartbeat.Alive.Response[0m
[0m2021-06-20 20:22:58 V/Net 1713753845: Send: Heartbeat.Alive[0m
[0m2021-06-20 20:22:58 V/Net 1713753845: Recv: Heartbeat.Alive.Response[0m
[0m2021-06-20 20:23:58 V/Net 1713753845: Send: Heartbeat.Alive[0m
[0m2021-06-20 20:23:58 V/Net 1713753845: Recv: Heartbeat.Alive.Response[0m
[0m2021-06-20 20:24:50 V/Net 1713753845: Send: StatSvc.SimpleGet[0m
[0m2021-06-20 20:24:50 V/Net 1713753845: Recv: Response(SimpleGet.Response)[0m
[0m2021-06-20 20:24:58 V/Net 1713753845: Send: Heartbeat.Alive[0m
[0m2021-06-20 20:24:59 V/Net 1713753845: Recv: Heartbeat.Alive.Response[0m
[0m2021-06-20 20:25:59 V/Net 1713753845: Send: Heartbeat.Alive[0m
[0m2021-06-20 20:25:59 V/Net 1713753845: Recv: Heartbeat.Alive.Response[0m
[0m2021-06-20 20:26:59 V/Net 1713753845: Send: Heartbeat.Alive[0m
[0m2021-06-20 20:26:59 V/Net 1713753845: Recv: Heartbeat.Alive.Response[0m
[0m2021-06-20 20:27:59 V/Net 1713753845: Send: Heartbeat.Alive[0m
[0m2021-06-20 20:27:59 V/Net 1713753845: Recv: Heartbeat.Alive.Response[0m
[0m2021-06-20 20:28:59 V/Net 1713753845: Send: Heartbeat.Alive[0m
[0m2021-06-20 20:29:00 V/Net 1713753845: Recv: Heartbeat.Alive.Response[0m
[0m2021-06-20 20:29:20 V/Net 1713753845: Send: StatSvc.SimpleGet[0m
[0m2021-06-20 20:29:20 V/Net 1713753845: Recv: Response(SimpleGet.Response)[0m
[0m2021-06-20 20:30:00 V/Net 1713753845: Send: Heartbeat.Alive[0m
[0m2021-06-20 20:30:00 V/Net 1713753845: Recv: Heartbeat.Alive.Response[0m
[0m2021-06-20 20:31:00 V/Net 1713753845: Send: Heartbeat.Alive[0m
[0m2021-06-20 20:31:00 V/Net 1713753845: Recv: Heartbeat.Alive.Response[0m
[0m2021-06-20 20:32:00 V/Net 1713753845: Send: Heartbeat.Alive[0m
[0m2021-06-20 20:32:00 V/Net 1713753845: Recv: Heartbeat.Alive.Response[0m
[0m2021-06-20 20:33:00 V/Net 1713753845: Send: Heartbeat.Alive[0m
[0m2021-06-20 20:33:01 V/Net 1713753845: Recv: Heartbeat.Alive.Response[0m
[0m2021-06-20 20:33:50 V/Net 1713753845: Send: StatSvc.SimpleGet[0m
[0m2021-06-20 20:33:50 V/Net 1713753845: Recv: Response(SimpleGet.Response)[0m
[0m2021-06-20 20:34:01 V/Net 1713753845: Send: Heartbeat.Alive[0m
[0m2021-06-20 20:34:01 V/Net 1713753845: Recv: Heartbeat.Alive.Response[0m
[0m2021-06-20 20:35:01 V/Net 1713753845: Send: Heartbeat.Alive[0m
[0m2021-06-20 20:35:01 V/Net 1713753845: Recv: Heartbeat.Alive.Response[0m
[0m2021-06-20 20:36:01 V/Net 1713753845: Send: Heartbeat.Alive[0m
[0m2021-06-20 20:36:01 V/Net 1713753845: Recv: Heartbeat.Alive.Response[0m
[0m2021-06-20 20:37:01 V/Net 1713753845: Send: Heartbeat.Alive[0m
[0m2021-06-20 20:37:02 V/Net 1713753845: Recv: Heartbeat.Alive.Response[0m
[0m2021-06-20 20:38:02 V/Net 1713753845: Send: Heartbeat.Alive[0m
[0m2021-06-20 20:38:02 V/Net 1713753845: Recv: Heartbeat.Alive.Response[0m
[0m2021-06-20 20:38:20 V/Net 1713753845: Send: StatSvc.SimpleGet[0m
[0m2021-06-20 20:38:21 V/Net 1713753845: Recv: Response(SimpleGet.Response)[0m
[0m2021-06-20 20:39:02 V/Net 1713753845: Send: Heartbeat.Alive[0m
[0m2021-06-20 20:39:02 V/Net 1713753845: Recv: Heartbeat.Alive.Response[0m
[0m2021-06-20 20:40:02 V/Net 1713753845: Send: Heartbeat.Alive[0m
[0m2021-06-20 20:40:02 V/Net 1713753845: Recv: Heartbeat.Alive.Response[0m
[0m2021-06-20 20:41:02 V/Net 1713753845: Send: Heartbeat.Alive[0m
[0m2021-06-20 20:41:03 V/Net 1713753845: Recv: Heartbeat.Alive.Response[0m
[0m2021-06-20 20:42:03 V/Net 1713753845: Send: Heartbeat.Alive[0m
[0m2021-06-20 20:42:03 V/Net 1713753845: Recv: Heartbeat.Alive.Response[0m
[0m2021-06-20 20:42:51 V/Net 1713753845: Send: StatSvc.SimpleGet[0m
[0m2021-06-20 20:42:51 V/Net 1713753845: Recv: Response(SimpleGet.Response)[0m
[0m2021-06-20 20:43:03 V/Net 1713753845: Send: Heartbeat.Alive[0m
[0m2021-06-20 20:43:03 V/Net 1713753845: Recv: Heartbeat.Alive.Response[0m
[0m2021-06-20 20:44:03 V/Net 1713753845: Send: Heartbeat.Alive[0m
[0m2021-06-20 20:44:03 V/Net 1713753845: Recv: Heartbeat.Alive.Response[0m
[0m2021-06-20 20:45:03 V/Net 1713753845: Send: Heartbeat.Alive[0m
[0m2021-06-20 20:45:04 V/Net 1713753845: Recv: Heartbeat.Alive.Response[0m
[0m2021-06-20 20:46:04 V/Net 1713753845: Send: Heartbeat.Alive[0m
[0m2021-06-20 20:46:04 V/Net 1713753845: Recv: Heartbeat.Alive.Response[0m
[0m2021-06-20 20:47:04 V/Net 1713753845: Send: Heartbeat.Alive[0m
[0m2021-06-20 20:47:04 V/Net 1713753845: Recv: Heartbeat.Alive.Response[0m
[0m2021-06-20 20:47:21 V/Net 1713753845: Send: StatSvc.SimpleGet[0m
[0m2021-06-20 20:47:21 V/Net 1713753845: Recv: Response(SimpleGet.Response)[0m
[0m2021-06-20 20:48:04 V/Net 1713753845: Send: Heartbeat.Alive[0m
[0m2021-06-20 20:48:04 V/Net 1713753845: Recv: Heartbeat.Alive.Response[0m
[0m2021-06-20 20:49:04 V/Net 1713753845: Send: Heartbeat.Alive[0m
[0m2021-06-20 20:49:05 V/Net 1713753845: Recv: Heartbeat.Alive.Response[0m
[0m2021-06-20 20:50:05 V/Net 1713753845: Send: Heartbeat.Alive[0m
[0m2021-06-20 20:50:05 V/Net 1713753845: Recv: Heartbeat.Alive.Response[0m
[0m2021-06-20 20:51:05 V/Net 1713753845: Send: Heartbeat.Alive[0m
[0m2021-06-20 20:51:05 V/Net 1713753845: Recv: Heartbeat.Alive.Response[0m
[0m2021-06-20 20:51:51 V/Net 1713753845: Send: StatSvc.SimpleGet[0m
[0m2021-06-20 20:51:51 V/Net 1713753845: Recv: Response(SimpleGet.Response)[0m
[0m2021-06-20 20:52:05 V/Net 1713753845: Send: Heartbeat.Alive[0m
[0m2021-06-20 20:52:05 V/Net 1713753845: Recv: Heartbeat.Alive.Response[0m
[0m2021-06-20 20:53:05 V/Net 1713753845: Send: Heartbeat.Alive[0m
[0m2021-06-20 20:53:06 V/Net 1713753845: Recv: Heartbeat.Alive.Response[0m
[0m2021-06-20 20:54:06 V/Net 1713753845: Send: Heartbeat.Alive[0m
[0m2021-06-20 20:54:06 V/Net 1713753845: Recv: Heartbeat.Alive.Response[0m
[0m2021-06-20 20:55:06 V/Net 1713753845: Send: Heartbeat.Alive[0m
[0m2021-06-20 20:55:06 V/Net 1713753845: Recv: Heartbeat.Alive.Response[0m
[0m2021-06-20 20:56:06 V/Net 1713753845: Send: Heartbeat.Alive[0m
[0m2021-06-20 20:56:06 V/Net 1713753845: Recv: Heartbeat.Alive.Response[0m
[0m2021-06-20 20:56:21 V/Net 1713753845: Send: StatSvc.SimpleGet[0m
[0m2021-06-20 20:56:22 V/Net 1713753845: Recv: Response(SimpleGet.Response)[0m
[0m2021-06-20 20:57:06 V/Net 1713753845: Send: Heartbeat.Alive[0m
[0m2021-06-20 20:57:07 V/Net 1713753845: Recv: Heartbeat.Alive.Response[0m
[0m2021-06-20 20:58:07 V/Net 1713753845: Send: Heartbeat.Alive[0m
[0m2021-06-20 20:58:07 V/Net 1713753845: Recv: Heartbeat.Alive.Response[0m
[0m2021-06-20 20:59:07 V/Net 1713753845: Send: Heartbeat.Alive[0m
[0m2021-06-20 20:59:07 V/Net 1713753845: Recv: Heartbeat.Alive.Response[0m
[0m2021-06-20 21:00:07 V/Net 1713753845: Send: Heartbeat.Alive[0m
[0m2021-06-20 21:00:07 V/Net 1713753845: Recv: Heartbeat.Alive.Response[0m
[0m2021-06-20 21:00:52 V/Net 1713753845: Send: StatSvc.SimpleGet[0m
[0m2021-06-20 21:00:52 V/Net 1713753845: Recv: Response(SimpleGet.Response)[0m
[0m2021-06-20 21:01:07 V/Net 1713753845: Send: Heartbeat.Alive[0m
[0m2021-06-20 21:01:08 V/Net 1713753845: Recv: Heartbeat.Alive.Response[0m
[0m2021-06-20 21:02:08 V/Net 1713753845: Send: Heartbeat.Alive[0m
[0m2021-06-20 21:02:08 V/Net 1713753845: Recv: Heartbeat.Alive.Response[0m
[0m2021-06-20 21:03:08 V/Net 1713753845: Send: Heartbeat.Alive[0m
[0m2021-06-20 21:03:08 V/Net 1713753845: Recv: Heartbeat.Alive.Response[0m
[0m2021-06-20 21:04:08 V/Net 1713753845: Send: Heartbeat.Alive[0m
[0m2021-06-20 21:04:09 V/Net 1713753845: Recv: Heartbeat.Alive.Response[0m
[0m2021-06-20 21:05:09 V/Net 1713753845: Send: Heartbeat.Alive[0m
[0m2021-06-20 21:05:09 V/Net 1713753845: Recv: Heartbeat.Alive.Response[0m
[0m2021-06-20 21:05:22 V/Net 1713753845: Send: StatSvc.SimpleGet[0m
[0m2021-06-20 21:05:22 V/Net 1713753845: Recv: Response(SimpleGet.Response)[0m
[0m2021-06-20 21:06:09 V/Net 1713753845: Send: Heartbeat.Alive[0m
[0m2021-06-20 21:06:09 V/Net 1713753845: Recv: Heartbeat.Alive.Response[0m
[0m2021-06-20 21:07:09 V/Net 1713753845: Send: Heartbeat.Alive[0m
[0m2021-06-20 21:07:09 V/Net 1713753845: Recv: Heartbeat.Alive.Response[0m
[0m2021-06-20 21:08:09 V/Net 1713753845: Send: Heartbeat.Alive[0m
[0m2021-06-20 21:08:10 V/Net 1713753845: Recv: Heartbeat.Alive.Response[0m
[0m2021-06-20 21:09:10 V/Net 1713753845: Send: Heartbeat.Alive[0m
[0m2021-06-20 21:09:10 V/Net 1713753845: Recv: Heartbeat.Alive.Response[0m
[0m2021-06-20 21:09:52 V/Net 1713753845: Send: StatSvc.SimpleGet[0m
[0m2021-06-20 21:09:52 V/Net 1713753845: Recv: Response(SimpleGet.Response)[0m
[0m2021-06-20 21:10:10 V/Net 1713753845: Send: Heartbeat.Alive[0m
[0m2021-06-20 21:10:10 V/Net 1713753845: Recv: Heartbeat.Alive.Response[0m
[0m2021-06-20 21:11:10 V/Net 1713753845: Send: Heartbeat.Alive[0m
[0m2021-06-20 21:11:11 V/Net 1713753845: Recv: Heartbeat.Alive.Response[0m
[0m2021-06-20 21:12:11 V/Net 1713753845: Send: Heartbeat.Alive[0m
[0m2021-06-20 21:12:11 V/Net 1713753845: Recv: Heartbeat.Alive.Response[0m
[0m2021-06-20 21:13:11 V/Net 1713753845: Send: Heartbeat.Alive[0m
[0m2021-06-20 21:13:11 V/Net 1713753845: Recv: Heartbeat.Alive.Response[0m
[0m2021-06-20 21:14:11 V/Net 1713753845: Send: Heartbeat.Alive[0m
[0m2021-06-20 21:14:12 V/Net 1713753845: Recv: Heartbeat.Alive.Response[0m
[0m2021-06-20 21:14:22 V/Net 1713753845: Send: StatSvc.SimpleGet[0m
[0m2021-06-20 21:14:23 V/Net 1713753845: Recv: Response(SimpleGet.Response)[0m
[0m2021-06-20 21:15:12 V/Net 1713753845: Send: Heartbeat.Alive[0m
[0m2021-06-20 21:15:12 V/Net 1713753845: Recv: Heartbeat.Alive.Response[0m
[0m2021-06-20 21:16:12 V/Net 1713753845: Send: Heartbeat.Alive[0m
[0m2021-06-20 21:16:12 V/Net 1713753845: Recv: Heartbeat.Alive.Response[0m
[0m2021-06-20 21:17:12 V/Net 1713753845: Send: Heartbeat.Alive[0m
[0m2021-06-20 21:17:12 V/Net 1713753845: Recv: Heartbeat.Alive.Response[0m
[0m2021-06-20 21:18:12 V/Net 1713753845: Send: Heartbeat.Alive[0m
[0m2021-06-20 21:18:13 V/Net 1713753845: Recv: Heartbeat.Alive.Response[0m
[0m2021-06-20 21:18:53 V/Net 1713753845: Send: StatSvc.SimpleGet[0m
[0m2021-06-20 21:18:53 V/Net 1713753845: Recv: Response(SimpleGet.Response)[0m
[0m2021-06-20 21:19:13 V/Net 1713753845: Send: Heartbeat.Alive[0m
[0m2021-06-20 21:19:14 V/Net 1713753845: Recv: Heartbeat.Alive.Response[0m
[0m2021-06-20 21:20:14 V/Net 1713753845: Send: Heartbeat.Alive[0m
[0m2021-06-20 21:20:15 V/Net 1713753845: Recv: Heartbeat.Alive.Response[0m
[0m2021-06-20 21:21:15 V/Net 1713753845: Send: Heartbeat.Alive[0m
[0m2021-06-20 21:21:15 V/Net 1713753845: Recv: Heartbeat.Alive.Response[0m
[0m2021-06-20 21:22:15 V/Net 1713753845: Send: Heartbeat.Alive[0m
[0m2021-06-20 21:22:15 V/Net 1713753845: Recv: Heartbeat.Alive.Response[0m
[0m2021-06-20 21:23:15 V/Net 1713753845: Send: Heartbeat.Alive[0m
[0m2021-06-20 21:23:16 V/Net 1713753845: Recv: Heartbeat.Alive.Response[0m
[0m2021-06-20 21:23:23 V/Net 1713753845: Send: StatSvc.SimpleGet[0m
[0m2021-06-20 21:23:24 V/Net 1713753845: Recv: Response(SimpleGet.Response)[0m
[0m2021-06-20 21:24:16 V/Net 1713753845: Send: Heartbeat.Alive[0m
[0m2021-06-20 21:24:16 V/Net 1713753845: Recv: Heartbeat.Alive.Response[0m
[0m2021-06-20 21:25:16 V/Net 1713753845: Send: Heartbeat.Alive[0m
[0m2021-06-20 21:25:16 V/Net 1713753845: Recv: Heartbeat.Alive.Response[0m
[0m2021-06-20 21:26:16 V/Net 1713753845: Send: Heartbeat.Alive[0m
[0m2021-06-20 21:26:16 V/Net 1713753845: Recv: Heartbeat.Alive.Response[0m
[0m2021-06-20 21:27:16 V/Net 1713753845: Send: Heartbeat.Alive[0m
[0m2021-06-20 21:27:17 V/Net 1713753845: Recv: Heartbeat.Alive.Response[0m
[0m2021-06-20 21:27:54 V/Net 1713753845: Send: StatSvc.SimpleGet[0m
[0m2021-06-20 21:27:54 V/Net 1713753845: Recv: Response(SimpleGet.Response)[0m
[0m2021-06-20 21:28:17 V/Net 1713753845: Send: Heartbeat.Alive[0m
[0m2021-06-20 21:28:17 V/Net 1713753845: Recv: Heartbeat.Alive.Response[0m
[0m2021-06-20 21:29:17 V/Net 1713753845: Send: Heartbeat.Alive[0m
[0m2021-06-20 21:29:17 V/Net 1713753845: Recv: Heartbeat.Alive.Response[0m
[0m2021-06-20 21:30:17 V/Net 1713753845: Send: Heartbeat.Alive[0m
[0m2021-06-20 21:30:18 V/Net 1713753845: Recv: Heartbeat.Alive.Response[0m
[0m2021-06-20 21:31:18 V/Net 1713753845: Send: Heartbeat.Alive[0m
[0m2021-06-20 21:31:18 V/Net 1713753845: Recv: Heartbeat.Alive.Response[0m
[0m2021-06-20 21:32:18 V/Net 1713753845: Send: Heartbeat.Alive[0m
[0m2021-06-20 21:32:18 V/Net 1713753845: Recv: Heartbeat.Alive.Response[0m
[0m2021-06-20 21:32:24 V/Net 1713753845: Send: StatSvc.SimpleGet[0m
[0m2021-06-20 21:32:25 V/Net 1713753845: Recv: Response(SimpleGet.Response)[0m
[0m2021-06-20 21:33:18 V/Net 1713753845: Send: Heartbeat.Alive[0m
[0m2021-06-20 21:33:18 V/Net 1713753845: Recv: Heartbeat.Alive.Response[0m
[0m2021-06-20 21:34:18 V/Net 1713753845: Send: Heartbeat.Alive[0m
[0m2021-06-20 21:34:19 V/Net 1713753845: Recv: Heartbeat.Alive.Response[0m
[0m2021-06-20 21:35:19 V/Net 1713753845: Send: Heartbeat.Alive[0m
[0m2021-06-20 21:35:19 V/Net 1713753845: Recv: Heartbeat.Alive.Response[0m
[0m2021-06-20 21:36:19 V/Net 1713753845: Send: Heartbeat.Alive[0m
[0m2021-06-20 21:36:19 V/Net 1713753845: Recv: Heartbeat.Alive.Response[0m
[0m2021-06-20 21:36:55 V/Net 1713753845: Send: StatSvc.SimpleGet[0m
[0m2021-06-20 21:36:55 V/Net 1713753845: Recv: Response(SimpleGet.Response)[0m
[0m2021-06-20 21:37:19 V/Net 1713753845: Send: Heartbeat.Alive[0m
[0m2021-06-20 21:37:19 V/Net 1713753845: Recv: Heartbeat.Alive.Response[0m
[0m2021-06-20 21:38:19 V/Net 1713753845: Send: Heartbeat.Alive[0m
[0m2021-06-20 21:38:20 V/Net 1713753845: Recv: Heartbeat.Alive.Response[0m
[0m2021-06-20 21:39:20 V/Net 1713753845: Send: Heartbeat.Alive[0m
[0m2021-06-20 21:39:20 V/Net 1713753845: Recv: Heartbeat.Alive.Response[0m
[0m2021-06-20 21:40:20 V/Net 1713753845: Send: Heartbeat.Alive[0m
[0m2021-06-20 21:40:20 V/Net 1713753845: Recv: Heartbeat.Alive.Response[0m
[0m2021-06-20 21:41:20 V/Net 1713753845: Send: Heartbeat.Alive[0m
[0m2021-06-20 21:41:20 V/Net 1713753845: Recv: Heartbeat.Alive.Response[0m
[0m2021-06-20 21:41:25 V/Net 1713753845: Send: StatSvc.SimpleGet[0m
[0m2021-06-20 21:41:25 V/Net 1713753845: Recv: Response(SimpleGet.Response)[0m
[0m2021-06-20 21:42:20 V/Net 1713753845: Send: Heartbeat.Alive[0m
[0m2021-06-20 21:42:21 V/Net 1713753845: Recv: Heartbeat.Alive.Response[0m
[0m2021-06-20 21:43:21 V/Net 1713753845: Send: Heartbeat.Alive[0m
[0m2021-06-20 21:43:21 V/Net 1713753845: Recv: Heartbeat.Alive.Response[0m
[0m2021-06-20 21:44:21 V/Net 1713753845: Send: Heartbeat.Alive[0m
[0m2021-06-20 21:44:21 V/Net 1713753845: Recv: Heartbeat.Alive.Response[0m
[0m2021-06-20 21:45:21 V/Net 1713753845: Send: Heartbeat.Alive[0m
[0m2021-06-20 21:45:21 V/Net 1713753845: Recv: Heartbeat.Alive.Response[0m
[0m2021-06-20 21:45:55 V/Net 1713753845: Send: StatSvc.SimpleGet[0m
[0m2021-06-20 21:45:55 V/Net 1713753845: Recv: Response(SimpleGet.Response)[0m
[0m2021-06-20 21:46:21 V/Net 1713753845: Send: Heartbeat.Alive[0m
[0m2021-06-20 21:46:22 V/Net 1713753845: Recv: Heartbeat.Alive.Response[0m
[0m2021-06-20 21:47:22 V/Net 1713753845: Send: Heartbeat.Alive[0m
[0m2021-06-20 21:47:22 V/Net 1713753845: Recv: Heartbeat.Alive.Response[0m
[0m2021-06-20 21:48:22 V/Net 1713753845: Send: Heartbeat.Alive[0m
[0m2021-06-20 21:48:22 V/Net 1713753845: Recv: Heartbeat.Alive.Response[0m
[0m2021-06-20 21:49:22 V/Net 1713753845: Send: Heartbeat.Alive[0m
[0m2021-06-20 21:49:22 V/Net 1713753845: Recv: Heartbeat.Alive.Response[0m
[0m2021-06-20 21:50:22 V/Net 1713753845: Send: Heartbeat.Alive[0m
[0m2021-06-20 21:50:23 V/Net 1713753845: Recv: Heartbeat.Alive.Response[0m
[0m2021-06-20 21:50:25 V/Net 1713753845: Send: StatSvc.SimpleGet[0m
[0m2021-06-20 21:50:26 V/Net 1713753845: Recv: Response(SimpleGet.Response)[0m
[0m2021-06-20 21:51:23 V/Net 1713753845: Send: Heartbeat.Alive[0m
[0m2021-06-20 21:51:23 V/Net 1713753845: Recv: Heartbeat.Alive.Response[0m
[0m2021-06-20 21:52:23 V/Net 1713753845: Send: Heartbeat.Alive[0m
[0m2021-06-20 21:52:23 V/Net 1713753845: Recv: Heartbeat.Alive.Response[0m
[0m2021-06-20 21:53:23 V/Net 1713753845: Send: Heartbeat.Alive[0m
[0m2021-06-20 21:53:23 V/Net 1713753845: Recv: Heartbeat.Alive.Response[0m
[0m2021-06-20 21:54:23 V/Net 1713753845: Send: Heartbeat.Alive[0m
[0m2021-06-20 21:54:24 V/Net 1713753845: Recv: Heartbeat.Alive.Response[0m
[0m2021-06-20 21:54:56 V/Net 1713753845: Send: StatSvc.SimpleGet[0m
[0m2021-06-20 21:54:56 V/Net 1713753845: Recv: Response(SimpleGet.Response)[0m
[0m2021-06-20 21:55:24 V/Net 1713753845: Send: Heartbeat.Alive[0m
[0m2021-06-20 21:55:24 V/Net 1713753845: Recv: Heartbeat.Alive.Response[0m
[0m2021-06-20 21:56:24 V/Net 1713753845: Send: Heartbeat.Alive[0m
[0m2021-06-20 21:56:24 V/Net 1713753845: Recv: Heartbeat.Alive.Response[0m
[0m2021-06-20 21:57:24 V/Net 1713753845: Send: Heartbeat.Alive[0m
[0m2021-06-20 21:57:24 V/Net 1713753845: Recv: Heartbeat.Alive.Response[0m
[0m2021-06-20 21:58:24 V/Net 1713753845: Send: Heartbeat.Alive[0m
[0m2021-06-20 21:58:25 V/Net 1713753845: Recv: Heartbeat.Alive.Response[0m
[0m2021-06-20 21:59:25 V/Net 1713753845: Send: Heartbeat.Alive[0m
[0m2021-06-20 21:59:25 V/Net 1713753845: Recv: Heartbeat.Alive.Response[0m
[0m2021-06-20 21:59:26 V/Net 1713753845: Send: StatSvc.SimpleGet[0m
[0m2021-06-20 21:59:26 V/Net 1713753845: Recv: Response(SimpleGet.Response)[0m
[0m2021-06-20 22:00:25 V/Net 1713753845: Send: Heartbeat.Alive[0m
[0m2021-06-20 22:00:25 V/Net 1713753845: Recv: Heartbeat.Alive.Response[0m
[0m2021-06-20 22:01:25 V/Net 1713753845: Send: Heartbeat.Alive[0m
[0m2021-06-20 22:01:25 V/Net 1713753845: Recv: Heartbeat.Alive.Response[0m
[0m2021-06-20 22:02:25 V/Net 1713753845: Send: Heartbeat.Alive[0m
[0m2021-06-20 22:02:26 V/Net 1713753845: Recv: Heartbeat.Alive.Response[0m
[0m2021-06-20 22:03:26 V/Net 1713753845: Send: Heartbeat.Alive[0m
[0m2021-06-20 22:03:26 V/Net 1713753845: Recv: Heartbeat.Alive.Response[0m
[0m2021-06-20 22:03:56 V/Net 1713753845: Send: StatSvc.SimpleGet[0m
[0m2021-06-20 22:03:56 V/Net 1713753845: Recv: Response(SimpleGet.Response)[0m
[0m2021-06-20 22:04:26 V/Net 1713753845: Send: Heartbeat.Alive[0m
[0m2021-06-20 22:04:26 V/Net 1713753845: Recv: Heartbeat.Alive.Response[0m
[0m2021-06-20 22:05:26 V/Net 1713753845: Send: Heartbeat.Alive[0m
[0m2021-06-20 22:05:26 V/Net 1713753845: Recv: Heartbeat.Alive.Response[0m
[0m2021-06-20 22:06:26 V/Net 1713753845: Send: Heartbeat.Alive[0m
[0m2021-06-20 22:06:27 V/Net 1713753845: Recv: Heartbeat.Alive.Response[0m
[0m2021-06-20 22:07:27 V/Net 1713753845: Send: Heartbeat.Alive[0m
[0m2021-06-20 22:07:27 V/Net 1713753845: Recv: Heartbeat.Alive.Response[0m
[0m2021-06-20 22:08:26 V/Net 1713753845: Send: StatSvc.SimpleGet[0m
[0m2021-06-20 22:08:27 V/Net 1713753845: Recv: Response(SimpleGet.Response)[0m
[0m2021-06-20 22:08:27 V/Net 1713753845: Send: Heartbeat.Alive[0m
[0m2021-06-20 22:08:27 V/Net 1713753845: Recv: Heartbeat.Alive.Response[0m
[0m2021-06-20 22:09:27 V/Net 1713753845: Send: Heartbeat.Alive[0m
[0m2021-06-20 22:09:27 V/Net 1713753845: Recv: Heartbeat.Alive.Response[0m
[0m2021-06-20 22:10:27 V/Net 1713753845: Send: Heartbeat.Alive[0m
[0m2021-06-20 22:10:28 V/Net 1713753845: Recv: Heartbeat.Alive.Response[0m
[0m2021-06-20 22:11:10 V/Net 1713753845: Recv: RequestPushNotify(uin=1713753845, ctype=1, strService=MessageSvc, strCmd=PushNotify, usMsgType=166, stMsgInfo=net.mamoe.mirai.internal.network.protocol.data.jce.MsgInfo@242a7d3e)[0m
[0m2021-06-20 22:11:10 V/Net 1713753845: Send: MessageSvc.PbGetMsg[0m
[0m2021-06-20 22:11:10 V/Net 1713753845: Send: MessageSvc.PbDeleteMsg[0m
[0m2021-06-20 22:11:28 V/Net 1713753845: Send: Heartbeat.Alive[0m
[0m2021-06-20 22:11:28 V/Net 1713753845: Recv: Heartbeat.Alive.Response[0m
[0m2021-06-20 22:12:28 V/Net 1713753845: Send: Heartbeat.Alive[0m
[0m2021-06-20 22:12:28 V/Net 1713753845: Recv: Heartbeat.Alive.Response[0m
[0m2021-06-20 22:12:57 V/Net 1713753845: Send: StatSvc.SimpleGet[0m
[0m2021-06-20 22:12:57 V/Net 1713753845: Recv: Response(SimpleGet.Response)[0m
[96m2021-06-20 22:13:11 D/Net 1713753845: Transformers528 0x27L: new data: [][0m
[0m2021-06-20 22:13:11 V/Net 1713753845: Send: OnlinePush.RespPush[0m
[96m2021-06-20 22:13:11 D/Net 1713753845: unknown sh type 736[0m
[96m2021-06-20 22:13:11 D/Net 1713753845: unknown sh type 736[0m
[96m2021-06-20 22:13:11 D/Net 1713753845: data=0C 19 00 02 0A 01 4E 29 0B 0A 01 4E 3F 0B[0m
[96m2021-06-20 22:13:11 D/Net 1713753845: data=0C 19 00 02 0A 01 4E 36 0B 0A 01 4E 37 0B[0m
[0m2021-06-20 22:13:11 V/Net 1713753845: Send: OnlinePush.RespPush[0m
[0m2021-06-20 22:13:11 V/Net 1713753845: Send: OnlinePush.RespPush[0m
[0m2021-06-20 22:13:19 V/Net 1713753845: Send: OnlinePush.RespPush[0m
[0m2021-06-20 22:13:19 V/Net 1713753845: Send: OnlinePush.RespPush[0m
[0m2021-06-20 22:13:19 V/Net 1713753845: Send: OnlinePush.RespPush[0m
[0m2021-06-20 22:13:28 V/Net 1713753845: Send: Heartbeat.Alive[0m
[0m2021-06-20 22:13:28 V/Net 1713753845: Recv: Heartbeat.Alive.Response[0m
[0m2021-06-20 22:13:59 V/Net 1713753845: Recv: RequestPushNotify(uin=1713753845, ctype=1, strService=MessageSvc, strCmd=PushNotify, usMsgType=166, stMsgInfo=net.mamoe.mirai.internal.network.protocol.data.jce.MsgInfo@71a90fe9)[0m
[0m2021-06-20 22:13:59 V/Net 1713753845: Send: MessageSvc.PbGetMsg[0m
[0m2021-06-20 22:13:59 V/Net 1713753845: Send: MessageSvc.PbDeleteMsg[0m
[96m2021-06-20 22:13:59 D/Net 1713753845: unknown PbGetMsg type 528, data=08 1D 12 20 08 14 A2 01 1B 08 F5 9D 97 B1 06 12 07 08 A9 9C 01 12 01 02 12 0A 08 BF 9C 01 12 04 07 6D 01 01[0m
[96m2021-06-20 22:13:59 D/Net 1713753845: unknown PbGetMsg type 528, data=08 1D 12 1D 08 14 A2 01 18 08 F5 9D 97 B1 06 12 07 08 B6 9C 01 12 01 0C 12 07 08 B7 9C 01 12 01 02[0m
[0m2021-06-20 22:14:28 V/Net 1713753845: Send: Heartbeat.Alive[0m
[0m2021-06-20 22:14:29 V/Net 1713753845: Recv: Heartbeat.Alive.Response[0m
[0m2021-06-20 22:15:29 V/Net 1713753845: Send: Heartbeat.Alive[0m
[0m2021-06-20 22:15:29 V/Net 1713753845: Recv: Heartbeat.Alive.Response[0m
[0m2021-06-20 22:16:23 V/Net 1713753845: Send: MessageSvc.PbSendMsg[0m
[0m2021-06-20 22:16:24 V/Net 1713753845: Recv: MessageSvcPbSendMsg.Response.SUCCESS[0m
[0m2021-06-20 22:16:24 V/Net 1713753845: Send: MessageSvc.PbSendMsg[0m
[0m2021-06-20 22:16:24 V/Net 1713753845: Recv: MessageSvcPbSendMsg.Response.SUCCESS[0m
[0m2021-06-20 22:16:24 V/Net 1713753845: Send: MessageSvc.PbSendMsg[0m
[0m2021-06-20 22:16:25 V/Net 1713753845: Recv: MessageSvcPbSendMsg.Response.SUCCESS[0m
[0m2021-06-20 22:16:29 V/Net 1713753845: Send: Heartbeat.Alive[0m
[0m2021-06-20 22:16:29 V/Net 1713753845: Recv: Heartbeat.Alive.Response[0m
[0m2021-06-20 22:17:27 V/Net 1713753845: Send: StatSvc.SimpleGet[0m
[0m2021-06-20 22:17:27 V/Net 1713753845: Recv: Response(SimpleGet.Response)[0m
[0m2021-06-20 22:17:29 V/Net 1713753845: Send: Heartbeat.Alive[0m
[0m2021-06-20 22:17:29 V/Net 1713753845: Recv: Heartbeat.Alive.Response[0m
[0m2021-06-20 22:18:29 V/Net 1713753845: Send: Heartbeat.Alive[0m
[0m2021-06-20 22:18:30 V/Net 1713753845: Recv: Heartbeat.Alive.Response[0m
[0m2021-06-20 22:19:30 V/Net 1713753845: Send: Heartbeat.Alive[0m
[0m2021-06-20 22:19:30 V/Net 1713753845: Recv: Heartbeat.Alive.Response[0m
[0m2021-06-20 22:20:30 V/Net 1713753845: Send: Heartbeat.Alive[0m
[0m2021-06-20 22:20:30 V/Net 1713753845: Recv: Heartbeat.Alive.Response[0m
[0m2021-06-20 22:21:30 V/Net 1713753845: Send: Heartbeat.Alive[0m
[0m2021-06-20 22:21:30 V/Net 1713753845: Recv: Heartbeat.Alive.Response[0m
[0m2021-06-20 22:21:35 V/Net 1713753845: Recv: RequestPushNotify(uin=1713753845, ctype=1, strService=MessageSvc, strCmd=PushNotify, usMsgType=166, stMsgInfo=net.mamoe.mirai.internal.network.protocol.data.jce.MsgInfo@1aeb97a5)[0m
[0m2021-06-20 22:21:35 V/Net 1713753845: Send: MessageSvc.PbGetMsg[0m
[0m2021-06-20 22:21:36 V/Net 1713753845: Send: MessageSvc.PbDeleteMsg[0m
[0m2021-06-20 22:21:36 V/Net 1713753845: Send: MessageSvc.PbSendMsg[0m
[0m2021-06-20 22:21:36 V/Net 1713753845: Recv: MessageSvcPbSendMsg.Response.SUCCESS[0m
[0m2021-06-20 22:21:57 V/Net 1713753845: Send: StatSvc.SimpleGet[0m
[0m2021-06-20 22:21:57 V/Net 1713753845: Recv: Response(SimpleGet.Response)[0m
[0m2021-06-20 22:22:30 V/Net 1713753845: Send: Heartbeat.Alive[0m
[0m2021-06-20 22:22:31 V/Net 1713753845: Recv: Heartbeat.Alive.Response[0m
[0m2021-06-20 22:23:31 V/Net 1713753845: Send: Heartbeat.Alive[0m
[0m2021-06-20 22:23:31 V/Net 1713753845: Recv: Heartbeat.Alive.Response[0m
[0m2021-06-20 22:24:31 V/Net 1713753845: Send: Heartbeat.Alive[0m
[0m2021-06-20 22:24:31 V/Net 1713753845: Recv: Heartbeat.Alive.Response[0m
[0m2021-06-20 22:25:31 V/Net 1713753845: Send: Heartbeat.Alive[0m
[0m2021-06-20 22:25:32 V/Net 1713753845: Recv: Heartbeat.Alive.Response[0m
[0m2021-06-20 22:25:40 V/Net 1713753845: Recv: RequestPushNotify(uin=1713753845, ctype=1, strService=MessageSvc, strCmd=PushNotify, usMsgType=166, stMsgInfo=net.mamoe.mirai.internal.network.protocol.data.jce.MsgInfo@612ede6c)[0m
[0m2021-06-20 22:25:40 V/Net 1713753845: Send: MessageSvc.PbGetMsg[0m
[0m2021-06-20 22:25:40 V/Net 1713753845: Send: MessageSvc.PbDeleteMsg[0m
[0m2021-06-20 22:25:40 V/Net 1713753845: Send: SummaryCard.ReqSummaryCard[0m
[0m2021-06-20 22:25:41 V/Net 1713753845: Recv: UserProfile(nickname=L_, email=, age=120, qLevel=60, sex=MALE, sign=)[0m
[0m2021-06-20 22:25:41 V/Net 1713753845: Send: MessageSvc.PbSendMsg[0m
[0m2021-06-20 22:25:41 V/Net 1713753845: Recv: MessageSvcPbSendMsg.Response.SUCCESS[0m
[0m2021-06-20 22:25:41 V/Net 1713753845: Send: MessageSvc.PbSendMsg[0m
[0m2021-06-20 22:25:42 V/Net 1713753845: Recv: MessageSvcPbSendMsg.Response.SUCCESS[0m
[0m2021-06-20 22:26:27 V/Net 1713753845: Send: StatSvc.SimpleGet[0m
[0m2021-06-20 22:26:28 V/Net 1713753845: Recv: Response(SimpleGet.Response)[0m
[0m2021-06-20 22:26:32 V/Net 1713753845: Send: Heartbeat.Alive[0m
[0m2021-06-20 22:26:32 V/Net 1713753845: Recv: Heartbeat.Alive.Response[0m
[0m2021-06-20 22:27:32 V/Net 1713753845: Send: Heartbeat.Alive[0m
[0m2021-06-20 22:27:32 V/Net 1713753845: Recv: Heartbeat.Alive.Response[0m
[0m2021-06-20 22:28:32 V/Net 1713753845: Send: Heartbeat.Alive[0m
[0m2021-06-20 22:28:32 V/Net 1713753845: Recv: Heartbeat.Alive.Response[0m
[0m2021-06-20 22:29:32 V/Net 1713753845: Send: Heartbeat.Alive[0m
[0m2021-06-20 22:29:33 V/Net 1713753845: Recv: Heartbeat.Alive.Response[0m
[0m2021-06-20 22:30:33 V/Net 1713753845: Send: Heartbeat.Alive[0m
[0m2021-06-20 22:30:33 V/Net 1713753845: Recv: Heartbeat.Alive.Response[0m
[0m2021-06-20 22:30:39 V/Net 1713753845: Recv: RequestPushNotify(uin=1713753845, ctype=1, strService=MessageSvc, strCmd=PushNotify, usMsgType=166, stMsgInfo=net.mamoe.mirai.internal.network.protocol.data.jce.MsgInfo@550716b4)[0m
[0m2021-06-20 22:30:39 V/Net 1713753845: Send: MessageSvc.PbGetMsg[0m
[0m2021-06-20 22:30:40 V/Net 1713753845: Send: MessageSvc.PbDeleteMsg[0m
[0m2021-06-20 22:30:58 V/Net 1713753845: Send: StatSvc.SimpleGet[0m
[0m2021-06-20 22:30:58 V/Net 1713753845: Recv: Response(SimpleGet.Response)[0m
[0m2021-06-20 22:31:24 V/Net 1713753845: Send: SummaryCard.ReqSummaryCard[0m
[0m2021-06-20 22:31:25 V/Net 1713753845: Recv: UserProfile(nickname=, email=, age=0, qLevel=0, sex=UNKNOWN, sign=)[0m
[0m2021-06-20 22:31:33 V/Net 1713753845: Send: Heartbeat.Alive[0m
[0m2021-06-20 22:31:33 V/Net 1713753845: Recv: Heartbeat.Alive.Response[0m
[0m2021-06-20 22:32:33 V/Net 1713753845: Send: Heartbeat.Alive[0m
[0m2021-06-20 22:32:33 V/Net 1713753845: Recv: Heartbeat.Alive.Response[0m
[0m2021-06-20 22:33:33 V/Net 1713753845: Send: Heartbeat.Alive[0m
[0m2021-06-20 22:33:34 V/Net 1713753845: Recv: Heartbeat.Alive.Response[0m
[0m2021-06-20 22:33:54 V/Net 1713753845: Recv: RequestPushNotify(uin=1713753845, ctype=1, strService=MessageSvc, strCmd=PushNotify, usMsgType=166, stMsgInfo=net.mamoe.mirai.internal.network.protocol.data.jce.MsgInfo@2b364371)[0m
[0m2021-06-20 22:33:54 V/Net 1713753845: Send: MessageSvc.PbGetMsg[0m
[0m2021-06-20 22:33:54 V/Net 1713753845: Send: MessageSvc.PbDeleteMsg[0m
[0m2021-06-20 22:34:34 V/Net 1713753845: Send: Heartbeat.Alive[0m
[0m2021-06-20 22:34:34 V/Net 1713753845: Recv: Heartbeat.Alive.Response[0m
[0m2021-06-20 22:35:28 V/Net 1713753845: Send: StatSvc.SimpleGet[0m
[0m2021-06-20 22:35:28 V/Net 1713753845: Recv: Response(SimpleGet.Response)[0m
[0m2021-06-20 22:35:34 V/Net 1713753845: Send: Heartbeat.Alive[0m
[0m2021-06-20 22:35:34 V/Net 1713753845: Recv: Heartbeat.Alive.Response[0m
[0m2021-06-20 22:36:34 V/Net 1713753845: Send: Heartbeat.Alive[0m
[0m2021-06-20 22:36:34 V/Net 1713753845: Recv: Heartbeat.Alive.Response[0m
[0m2021-06-20 22:37:34 V/Net 1713753845: Send: Heartbeat.Alive[0m
[0m2021-06-20 22:37:35 V/Net 1713753845: Recv: Heartbeat.Alive.Response[0m
[0m2021-06-20 22:38:35 V/Net 1713753845: Send: Heartbeat.Alive[0m
[0m2021-06-20 22:38:35 V/Net 1713753845: Recv: Heartbeat.Alive.Response[0m
[0m2021-06-20 22:39:35 V/Net 1713753845: Send: Heartbeat.Alive[0m
[0m2021-06-20 22:39:35 V/Net 1713753845: Recv: Heartbeat.Alive.Response[0m
[0m2021-06-20 22:39:58 V/Net 1713753845: Send: StatSvc.SimpleGet[0m
[0m2021-06-20 22:39:58 V/Net 1713753845: Recv: Response(SimpleGet.Response)[0m
[0m2021-06-20 22:40:35 V/Net 1713753845: Send: Heartbeat.Alive[0m
[0m2021-06-20 22:40:35 V/Net 1713753845: Recv: Heartbeat.Alive.Response[0m
[0m2021-06-20 22:41:35 V/Net 1713753845: Send: Heartbeat.Alive[0m
[0m2021-06-20 22:41:36 V/Net 1713753845: Recv: Heartbeat.Alive.Response[0m
[0m2021-06-20 22:42:36 V/Net 1713753845: Send: Heartbeat.Alive[0m
[0m2021-06-20 22:42:36 V/Net 1713753845: Recv: Heartbeat.Alive.Response[0m
[0m2021-06-20 22:43:36 V/Net 1713753845: Send: Heartbeat.Alive[0m
[0m2021-06-20 22:43:36 V/Net 1713753845: Recv: Heartbeat.Alive.Response[0m
[0m2021-06-20 22:44:28 V/Net 1713753845: Send: StatSvc.SimpleGet[0m
[0m2021-06-20 22:44:29 V/Net 1713753845: Recv: Response(SimpleGet.Response)[0m
[0m2021-06-20 22:44:36 V/Net 1713753845: Send: Heartbeat.Alive[0m
[0m2021-06-20 22:44:36 V/Net 1713753845: Recv: Heartbeat.Alive.Response[0m
[0m2021-06-20 22:45:36 V/Net 1713753845: Send: Heartbeat.Alive[0m
[0m2021-06-20 22:45:37 V/Net 1713753845: Recv: Heartbeat.Alive.Response[0m
[0m2021-06-20 22:46:37 V/Net 1713753845: Send: Heartbeat.Alive[0m
[0m2021-06-20 22:46:37 V/Net 1713753845: Recv: Heartbeat.Alive.Response[0m
[0m2021-06-20 22:47:37 V/Net 1713753845: Send: Heartbeat.Alive[0m
[0m2021-06-20 22:47:37 V/Net 1713753845: Recv: Heartbeat.Alive.Response[0m
[0m2021-06-20 22:48:37 V/Net 1713753845: Send: Heartbeat.Alive[0m
[0m2021-06-20 22:48:37 V/Net 1713753845: Recv: Heartbeat.Alive.Response[0m
[0m2021-06-20 22:48:59 V/Net 1713753845: Send: StatSvc.SimpleGet[0m
[0m2021-06-20 22:48:59 V/Net 1713753845: Recv: Response(SimpleGet.Response)[0m
[0m2021-06-20 22:49:37 V/Net 1713753845: Send: Heartbeat.Alive[0m
[0m2021-06-20 22:49:38 V/Net 1713753845: Recv: Heartbeat.Alive.Response[0m
[0m2021-06-20 22:50:38 V/Net 1713753845: Send: Heartbeat.Alive[0m
[0m2021-06-20 22:50:38 V/Net 1713753845: Recv: Heartbeat.Alive.Response[0m
[0m2021-06-20 22:51:38 V/Net 1713753845: Send: Heartbeat.Alive[0m
[0m2021-06-20 22:51:38 V/Net 1713753845: Recv: Heartbeat.Alive.Response[0m
[0m2021-06-20 22:52:38 V/Net 1713753845: Send: Heartbeat.Alive[0m
[0m2021-06-20 22:52:38 V/Net 1713753845: Recv: Heartbeat.Alive.Response[0m
[0m2021-06-20 22:53:29 V/Net 1713753845: Send: StatSvc.SimpleGet[0m
[0m2021-06-20 22:53:29 V/Net 1713753845: Recv: Response(SimpleGet.Response)[0m
[0m2021-06-20 22:53:38 V/Net 1713753845: Send: Heartbeat.Alive[0m
[0m2021-06-20 22:53:38 V/Net 1713753845: Recv: Heartbeat.Alive.Response[0m
[0m2021-06-20 22:54:39 V/Net 1713753845: Send: Heartbeat.Alive[0m
[0m2021-06-20 22:54:39 V/Net 1713753845: Recv: Heartbeat.Alive.Response[0m
[0m2021-06-20 22:55:39 V/Net 1713753845: Send: Heartbeat.Alive[0m
[0m2021-06-20 22:55:39 V/Net 1713753845: Recv: Heartbeat.Alive.Response[0m
[0m2021-06-20 22:56:39 V/Net 1713753845: Send: Heartbeat.Alive[0m
[0m2021-06-20 22:56:39 V/Net 1713753845: Recv: Heartbeat.Alive.Response[0m
[0m2021-06-20 22:57:39 V/Net 1713753845: Send: Heartbeat.Alive[0m
[0m2021-06-20 22:57:39 V/Net 1713753845: Recv: Heartbeat.Alive.Response[0m
[0m2021-06-20 22:57:59 V/Net 1713753845: Send: StatSvc.SimpleGet[0m
[0m2021-06-20 22:57:59 V/Net 1713753845: Recv: Response(SimpleGet.Response)[0m
[0m2021-06-20 22:58:40 V/Net 1713753845: Send: Heartbeat.Alive[0m
[0m2021-06-20 22:58:40 V/Net 1713753845: Recv: Heartbeat.Alive.Response[0m
[0m2021-06-20 22:59:40 V/Net 1713753845: Send: Heartbeat.Alive[0m
[0m2021-06-20 22:59:40 V/Net 1713753845: Recv: Heartbeat.Alive.Response[0m
[0m2021-06-20 23:00:40 V/Net 1713753845: Send: Heartbeat.Alive[0m
[0m2021-06-20 23:00:40 V/Net 1713753845: Recv: Heartbeat.Alive.Response[0m
[0m2021-06-20 23:01:40 V/Net 1713753845: Send: Heartbeat.Alive[0m
[0m2021-06-20 23:01:40 V/Net 1713753845: Recv: Heartbeat.Alive.Response[0m
[0m2021-06-20 23:02:29 V/Net 1713753845: Send: StatSvc.SimpleGet[0m
[0m2021-06-20 23:02:30 V/Net 1713753845: Recv: Response(SimpleGet.Response)[0m
[0m2021-06-20 23:02:40 V/Net 1713753845: Send: Heartbeat.Alive[0m
[0m2021-06-20 23:02:41 V/Net 1713753845: Recv: Heartbeat.Alive.Response[0m
[0m2021-06-20 23:03:41 V/Net 1713753845: Send: Heartbeat.Alive[0m
[0m2021-06-20 23:03:41 V/Net 1713753845: Recv: Heartbeat.Alive.Response[0m
[0m2021-06-20 23:04:41 V/Net 1713753845: Send: Heartbeat.Alive[0m
[0m2021-06-20 23:04:41 V/Net 1713753845: Recv: Heartbeat.Alive.Response[0m
[0m2021-06-20 23:05:41 V/Net 1713753845: Send: Heartbeat.Alive[0m
[0m2021-06-20 23:05:41 V/Net 1713753845: Recv: Heartbeat.Alive.Response[0m
[0m2021-06-20 23:06:41 V/Net 1713753845: Send: Heartbeat.Alive[0m
[0m2021-06-20 23:06:42 V/Net 1713753845: Recv: Heartbeat.Alive.Response[0m
[0m2021-06-20 23:07:00 V/Net 1713753845: Send: StatSvc.SimpleGet[0m
[0m2021-06-20 23:07:00 V/Net 1713753845: Recv: Response(SimpleGet.Response)[0m
[0m2021-06-20 23:07:42 V/Net 1713753845: Send: Heartbeat.Alive[0m
[0m2021-06-20 23:07:42 V/Net 1713753845: Recv: Heartbeat.Alive.Response[0m
[0m2021-06-20 23:08:42 V/Net 1713753845: Send: Heartbeat.Alive[0m
[0m2021-06-20 23:08:42 V/Net 1713753845: Recv: Heartbeat.Alive.Response[0m
[0m2021-06-20 23:09:42 V/Net 1713753845: Send: Heartbeat.Alive[0m
[0m2021-06-20 23:09:42 V/Net 1713753845: Recv: Heartbeat.Alive.Response[0m
[0m2021-06-20 23:10:42 V/Net 1713753845: Send: Heartbeat.Alive[0m
[0m2021-06-20 23:10:43 V/Net 1713753845: Recv: Heartbeat.Alive.Response[0m
[0m2021-06-20 23:11:30 V/Net 1713753845: Send: StatSvc.SimpleGet[0m
[0m2021-06-20 23:11:30 V/Net 1713753845: Recv: Response(SimpleGet.Response)[0m
[0m2021-06-20 23:11:43 V/Net 1713753845: Send: Heartbeat.Alive[0m
[0m2021-06-20 23:11:43 V/Net 1713753845: Recv: Heartbeat.Alive.Response[0m
[0m2021-06-20 23:12:43 V/Net 1713753845: Send: Heartbeat.Alive[0m
[0m2021-06-20 23:12:43 V/Net 1713753845: Recv: Heartbeat.Alive.Response[0m
[0m2021-06-20 23:13:43 V/Net 1713753845: Send: Heartbeat.Alive[0m
[0m2021-06-20 23:13:43 V/Net 1713753845: Recv: Heartbeat.Alive.Response[0m
[0m2021-06-20 23:14:43 V/Net 1713753845: Send: Heartbeat.Alive[0m
[0m2021-06-20 23:14:44 V/Net 1713753845: Recv: Heartbeat.Alive.Response[0m
[0m2021-06-20 23:15:44 V/Net 1713753845: Send: Heartbeat.Alive[0m
[0m2021-06-20 23:15:44 V/Net 1713753845: Recv: Heartbeat.Alive.Response[0m
[0m2021-06-20 23:16:00 V/Net 1713753845: Send: StatSvc.SimpleGet[0m
[0m2021-06-20 23:16:00 V/Net 1713753845: Recv: Response(SimpleGet.Response)[0m
[0m2021-06-20 23:16:44 V/Net 1713753845: Send: Heartbeat.Alive[0m
[0m2021-06-20 23:16:44 V/Net 1713753845: Recv: Heartbeat.Alive.Response[0m
[0m2021-06-20 23:17:44 V/Net 1713753845: Send: Heartbeat.Alive[0m
[0m2021-06-20 23:17:44 V/Net 1713753845: Recv: Heartbeat.Alive.Response[0m
[0m2021-06-20 23:18:44 V/Net 1713753845: Send: Heartbeat.Alive[0m
[0m2021-06-20 23:18:45 V/Net 1713753845: Recv: Heartbeat.Alive.Response[0m
[0m2021-06-20 23:19:45 V/Net 1713753845: Send: Heartbeat.Alive[0m
[0m2021-06-20 23:19:45 V/Net 1713753845: Recv: Heartbeat.Alive.Response[0m
[0m2021-06-20 23:20:30 V/Net 1713753845: Send: StatSvc.SimpleGet[0m
[0m2021-06-20 23:20:31 V/Net 1713753845: Recv: Response(SimpleGet.Response)[0m
[0m2021-06-20 23:20:45 V/Net 1713753845: Send: Heartbeat.Alive[0m
[0m2021-06-20 23:20:45 V/Net 1713753845: Recv: Heartbeat.Alive.Response[0m
[0m2021-06-20 23:21:45 V/Net 1713753845: Send: Heartbeat.Alive[0m
[0m2021-06-20 23:21:45 V/Net 1713753845: Recv: Heartbeat.Alive.Response[0m
[0m2021-06-20 23:22:45 V/Net 1713753845: Send: Heartbeat.Alive[0m
[0m2021-06-20 23:22:46 V/Net 1713753845: Recv: Heartbeat.Alive.Response[0m
[0m2021-06-20 23:23:46 V/Net 1713753845: Send: Heartbeat.Alive[0m
[0m2021-06-20 23:23:46 V/Net 1713753845: Recv: Heartbeat.Alive.Response[0m
[0m2021-06-20 23:24:46 V/Net 1713753845: Send: Heartbeat.Alive[0m
[0m2021-06-20 23:24:46 V/Net 1713753845: Recv: Heartbeat.Alive.Response[0m
[0m2021-06-20 23:25:01 V/Net 1713753845: Send: StatSvc.SimpleGet[0m
[0m2021-06-20 23:25:01 V/Net 1713753845: Recv: Response(SimpleGet.Response)[0m
[0m2021-06-20 23:25:46 V/Net 1713753845: Send: Heartbeat.Alive[0m
[0m2021-06-20 23:25:46 V/Net 1713753845: Recv: Heartbeat.Alive.Response[0m
[0m2021-06-20 23:26:46 V/Net 1713753845: Send: Heartbeat.Alive[0m
[0m2021-06-20 23:26:47 V/Net 1713753845: Recv: Heartbeat.Alive.Response[0m
[0m2021-06-20 23:27:47 V/Net 1713753845: Send: Heartbeat.Alive[0m
[0m2021-06-20 23:27:47 V/Net 1713753845: Recv: Heartbeat.Alive.Response[0m
[0m2021-06-20 23:28:47 V/Net 1713753845: Send: Heartbeat.Alive[0m
[0m2021-06-20 23:28:47 V/Net 1713753845: Recv: Heartbeat.Alive.Response[0m
[0m2021-06-20 23:29:31 V/Net 1713753845: Send: StatSvc.SimpleGet[0m
[0m2021-06-20 23:29:31 V/Net 1713753845: Recv: Response(SimpleGet.Response)[0m
[0m2021-06-20 23:29:47 V/Net 1713753845: Send: Heartbeat.Alive[0m
[0m2021-06-20 23:29:47 V/Net 1713753845: Recv: Heartbeat.Alive.Response[0m
[0m2021-06-20 23:30:47 V/Net 1713753845: Send: Heartbeat.Alive[0m
[0m2021-06-20 23:30:48 V/Net 1713753845: Recv: Heartbeat.Alive.Response[0m
[0m2021-06-20 23:31:48 V/Net 1713753845: Send: Heartbeat.Alive[0m
[0m2021-06-20 23:31:48 V/Net 1713753845: Recv: Heartbeat.Alive.Response[0m
[0m2021-06-20 23:32:48 V/Net 1713753845: Send: Heartbeat.Alive[0m
[0m2021-06-20 23:32:48 V/Net 1713753845: Recv: Heartbeat.Alive.Response[0m
[0m2021-06-20 23:33:48 V/Net 1713753845: Send: Heartbeat.Alive[0m
[0m2021-06-20 23:33:48 V/Net 1713753845: Recv: Heartbeat.Alive.Response[0m
[0m2021-06-20 23:34:01 V/Net 1713753845: Send: StatSvc.SimpleGet[0m
[0m2021-06-20 23:34:01 V/Net 1713753845: Recv: Response(SimpleGet.Response)[0m
[0m2021-06-20 23:34:48 V/Net 1713753845: Send: Heartbeat.Alive[0m
[0m2021-06-20 23:34:49 V/Net 1713753845: Recv: Heartbeat.Alive.Response[0m
[0m2021-06-20 23:35:49 V/Net 1713753845: Send: Heartbeat.Alive[0m
[0m2021-06-20 23:35:49 V/Net 1713753845: Recv: Heartbeat.Alive.Response[0m
[0m2021-06-20 23:36:49 V/Net 1713753845: Send: Heartbeat.Alive[0m
[0m2021-06-20 23:36:49 V/Net 1713753845: Recv: Heartbeat.Alive.Response[0m
[0m2021-06-20 23:37:49 V/Net 1713753845: Send: Heartbeat.Alive[0m
[0m2021-06-20 23:37:49 V/Net 1713753845: Recv: Heartbeat.Alive.Response[0m
[0m2021-06-20 23:38:31 V/Net 1713753845: Send: StatSvc.SimpleGet[0m
[0m2021-06-20 23:38:32 V/Net 1713753845: Recv: Response(SimpleGet.Response)[0m
[0m2021-06-20 23:38:49 V/Net 1713753845: Send: Heartbeat.Alive[0m
[0m2021-06-20 23:38:49 V/Net 1713753845: Recv: Heartbeat.Alive.Response[0m
[0m2021-06-20 23:39:49 V/Net 1713753845: Send: Heartbeat.Alive[0m
[0m2021-06-20 23:39:50 V/Net 1713753845: Recv: Heartbeat.Alive.Response[0m
[0m2021-06-20 23:40:06 V/Net 1713753845: Recv: RequestPushNotify(uin=1713753845, ctype=1, strService=MessageSvc, strCmd=PushNotify, usMsgType=166, stMsgInfo=net.mamoe.mirai.internal.network.protocol.data.jce.MsgInfo@4029358d)[0m
[0m2021-06-20 23:40:06 V/Net 1713753845: Send: MessageSvc.PbGetMsg[0m
[0m2021-06-20 23:40:07 V/Net 1713753845: Send: MessageSvc.PbDeleteMsg[0m
[0m2021-06-20 23:40:07 V/Net 1713753845: Send: SummaryCard.ReqSummaryCard[0m
[0m2021-06-20 23:40:07 V/Net 1713753845: Recv: UserProfile(nickname=L_, email=, age=120, qLevel=60, sex=MALE, sign=)[0m
[0m2021-06-20 23:40:07 V/Net 1713753845: Send: MessageSvc.PbSendMsg[0m
[0m2021-06-20 23:40:08 V/Net 1713753845: Recv: MessageSvcPbSendMsg.Response.SUCCESS[0m
[0m2021-06-20 23:40:08 V/Net 1713753845: Send: MessageSvc.PbSendMsg[0m
[0m2021-06-20 23:40:08 V/Net 1713753845: Recv: MessageSvcPbSendMsg.Response.SUCCESS[0m
[0m2021-06-20 23:40:50 V/Net 1713753845: Send: Heartbeat.Alive[0m
[0m2021-06-20 23:40:50 V/Net 1713753845: Recv: Heartbeat.Alive.Response[0m
[0m2021-06-20 23:41:32 V/Net 1713753845: Recv: RequestPushNotify(uin=1713753845, ctype=1, strService=MessageSvc, strCmd=PushNotify, usMsgType=166, stMsgInfo=net.mamoe.mirai.internal.network.protocol.data.jce.MsgInfo@397c0acf)[0m
[0m2021-06-20 23:41:32 V/Net 1713753845: Send: MessageSvc.PbGetMsg[0m
[0m2021-06-20 23:41:33 V/Net 1713753845: Send: MessageSvc.PbDeleteMsg[0m
[0m2021-06-20 23:41:34 V/Net 1713753845: Send: MessageSvc.PbSendMsg[0m
[0m2021-06-20 23:41:34 V/Net 1713753845: Recv: MessageSvcPbSendMsg.Response.SUCCESS[0m
[0m2021-06-20 23:41:50 V/Net 1713753845: Send: Heartbeat.Alive[0m
[0m2021-06-20 23:41:50 V/Net 1713753845: Recv: Heartbeat.Alive.Response[0m
[0m2021-06-20 23:42:50 V/Net 1713753845: Send: Heartbeat.Alive[0m
[0m2021-06-20 23:42:50 V/Net 1713753845: Recv: Heartbeat.Alive.Response[0m
[0m2021-06-20 23:43:02 V/Net 1713753845: Send: StatSvc.SimpleGet[0m
[0m2021-06-20 23:43:02 V/Net 1713753845: Recv: Response(SimpleGet.Response)[0m
[0m2021-06-20 23:43:50 V/Net 1713753845: Send: Heartbeat.Alive[0m
[0m2021-06-20 23:43:51 V/Net 1713753845: Recv: Heartbeat.Alive.Response[0m
[0m2021-06-20 23:44:51 V/Net 1713753845: Send: Heartbeat.Alive[0m
[0m2021-06-20 23:44:51 V/Net 1713753845: Recv: Heartbeat.Alive.Response[0m
[0m2021-06-20 23:45:51 V/Net 1713753845: Send: Heartbeat.Alive[0m
[0m2021-06-20 23:45:51 V/Net 1713753845: Recv: Heartbeat.Alive.Response[0m
[0m2021-06-20 23:46:51 V/Net 1713753845: Send: Heartbeat.Alive[0m
[0m2021-06-20 23:46:51 V/Net 1713753845: Recv: Heartbeat.Alive.Response[0m
[0m2021-06-20 23:47:32 V/Net 1713753845: Send: StatSvc.SimpleGet[0m
[0m2021-06-20 23:47:32 V/Net 1713753845: Recv: Response(SimpleGet.Response)[0m
[0m2021-06-20 23:47:51 V/Net 1713753845: Send: Heartbeat.Alive[0m
[0m2021-06-20 23:47:52 V/Net 1713753845: Recv: Heartbeat.Alive.Response[0m
[0m2021-06-20 23:48:52 V/Net 1713753845: Send: Heartbeat.Alive[0m
[0m2021-06-20 23:48:52 V/Net 1713753845: Recv: Heartbeat.Alive.Response[0m
[0m2021-06-20 23:49:52 V/Net 1713753845: Send: Heartbeat.Alive[0m
[0m2021-06-20 23:49:52 V/Net 1713753845: Recv: Heartbeat.Alive.Response[0m
[0m2021-06-20 23:50:52 V/Net 1713753845: Send: Heartbeat.Alive[0m
[0m2021-06-20 23:50:52 V/Net 1713753845: Recv: Heartbeat.Alive.Response[0m
[0m2021-06-20 23:51:52 V/Net 1713753845: Send: Heartbeat.Alive[0m
[0m2021-06-20 23:51:53 V/Net 1713753845: Recv: Heartbeat.Alive.Response[0m
[0m2021-06-20 23:52:02 V/Net 1713753845: Send: StatSvc.SimpleGet[0m
[0m2021-06-20 23:52:02 V/Net 1713753845: Recv: Response(SimpleGet.Response)[0m
[0m2021-06-20 23:52:53 V/Net 1713753845: Send: Heartbeat.Alive[0m
[0m2021-06-20 23:52:53 V/Net 1713753845: Recv: Heartbeat.Alive.Response[0m
[0m2021-06-20 23:53:53 V/Net 1713753845: Send: Heartbeat.Alive[0m
[0m2021-06-20 23:53:53 V/Net 1713753845: Recv: Heartbeat.Alive.Response[0m
[0m2021-06-20 23:54:53 V/Net 1713753845: Send: Heartbeat.Alive[0m
[0m2021-06-20 23:54:53 V/Net 1713753845: Recv: Heartbeat.Alive.Response[0m
[0m2021-06-20 23:55:53 V/Net 1713753845: Send: Heartbeat.Alive[0m
[0m2021-06-20 23:55:54 V/Net 1713753845: Recv: Heartbeat.Alive.Response[0m
[0m2021-06-20 23:56:32 V/Net 1713753845: Send: StatSvc.SimpleGet[0m
[0m2021-06-20 23:56:33 V/Net 1713753845: Recv: Response(SimpleGet.Response)[0m
[0m2021-06-20 23:56:54 V/Net 1713753845: Send: Heartbeat.Alive[0m
[0m2021-06-20 23:56:54 V/Net 1713753845: Recv: Heartbeat.Alive.Response[0m
[0m2021-06-20 23:57:54 V/Net 1713753845: Send: Heartbeat.Alive[0m
[0m2021-06-20 23:57:54 V/Net 1713753845: Recv: Heartbeat.Alive.Response[0m
[0m2021-06-20 23:58:54 V/Net 1713753845: Send: Heartbeat.Alive[0m
[0m2021-06-20 23:58:54 V/Net 1713753845: Recv: Heartbeat.Alive.Response[0m
[0m2021-06-20 23:59:54 V/Net 1713753845: Send: Heartbeat.Alive[0m
[0m2021-06-20 23:59:55 V/Net 1713753845: Recv: Heartbeat.Alive.Response[0m
